Number of CPU cores: 4
Using Eigen for Matmul
Doing BaseOT ...
using silent ot pack
using silent ot pack
using silent ot pack
using silent ot pack
After one-time setup, communication
Thread i = 0, total data sent till now = 1997817
Thread i = 1, total data sent till now = 1726247
Thread i = 2, total data sent till now = 1726247
Thread i = 3, total data sent till now = 1726247
-----------Syncronizing-----------
secret_share_mod: 137438953472 bitlength: 37
backend: Ring-SilentOT-Cheetah
-----------Syncronized - now starting execution-----------
HomConv #1 called N=1, H=224, W=224, CI=3, FH=11, FW=11, CO=64, S=4, Padding SAME (2 2 2 2)
Time in sec for current conv = [2.455] sent [4.46494] MB
expect 149306793 but got 11129925
expect -28563804 but got -170545364
expect -14030030 but got -9008358
expect -137928457 but got -1259151
[31mConvolution Output Mismatch[0m
Error count 193600 (96889 +1, 96711 -1). 100.000000%
Relu #1 on 193600 points, truncate=1 by 12 bits
Mill dotrunc 1 on 16 bits using b = 4
Mill dotrunc 1 on 16 bits using b = 4
Mill dotrunc 1 on 16 bits using b = 4
Mill dotrunc 1 on 16 bits using b = 4
Time in sec for current relu = 0.506
Maxpool 1 called N=1, H=27, W=27, C=64, ksizeH=3, ksizeW=3
Time in sec for current maxpool = 2.121
HomConv #2 called N=1, H=27, W=27, CI=64, FH=5, FW=5, CO=192, S=1, Padding SAME (2 2 2 2)
Time in sec for current conv = [0.652] sent [0.952508] MB
expect 94142844 but got 94142845
expect -64815468 but got -64815467
expect 11575285 but got 11575284
[32mConvolution Output Matches[0m
Relu #3 on 139968 points, truncate=1 by 12 bits
Mill dotrunc 1 on 16 bits using b = 4
Mill dotrunc 1 on 16 bits using b = 4
Mill dotrunc 1 on 16 bits using b = 4
Mill dotrunc 1 on 16 bits using b = 4
Time in sec for current relu = 0.344
Maxpool 2 called N=1, H=13, W=13, C=192, ksizeH=3, ksizeW=3
Time in sec for current maxpool = 1.486
HomConv #3 called N=1, H=13, W=13, CI=192, FH=3, FW=3, CO=384, S=1, Padding SAME (1 1 1 1)
Time in sec for current conv = [0.905] sent [0.654921] MB
expect -42344152 but got -42344151
expect 2537958 but got 2537959
[32mConvolution Output Matches[0m
Relu #5 on 64896 points, truncate=1 by 12 bits
Mill dotrunc 1 on 16 bits using b = 4
Mill dotrunc 1 on 16 bits using b = 4
Mill dotrunc 1 on 16 bits using b = 4
Mill dotrunc 1 on 16 bits using b = 4
Time in sec for current relu = 4.556
HomConv #4 called N=1, H=13, W=13, CI=384, FH=3, FW=3, CO=256, S=1, Padding SAME (1 1 1 1)
Time in sec for current conv = [0.988] sent [1.30984] MB
expect -147870553 but got -147870552
expect -140915194 but got -140915193
[32mConvolution Output Matches[0m
Relu #7 on 43264 points, truncate=1 by 12 bits
Mill dotrunc 1 on 16 bits using b = 4
Mill dotrunc 1 on 16 bits using b = 4
Mill dotrunc 1 on 16 bits using b = 4
Mill dotrunc 1 on 16 bits using b = 4
Time in sec for current relu = 0.105
HomConv #5 called N=1, H=13, W=13, CI=256, FH=3, FW=3, CO=256, S=1, Padding SAME (1 1 1 1)
Time in sec for current conv = [0.713] sent [0.893143] MB
expect -73527947 but got -73527946
expect -54631532 but got -54631531
[32mConvolution Output Matches[0m
Relu #9 on 43264 points, truncate=1 by 12 bits
Mill dotrunc 1 on 16 bits using b = 4
Mill dotrunc 1 on 16 bits using b = 4
Mill dotrunc 1 on 16 bits using b = 4
Mill dotrunc 1 on 16 bits using b = 4
Time in sec for current relu = 0.104
Maxpool 3 called N=1, H=6, W=6, C=256, ksizeH=3, ksizeW=3
Time in sec for current maxpool = 0.42
AvgPool 1 called N=1, H=6, W=6, C=256, ksizeH=1, ksizeW=1
Time in sec for current avgpool = 0.106
Time in sec for current matmul = 2.425
-337272258 => -337272259
-38603127 => -38603128
-292331735 => -292331736
-237709872 => -237709873
-72350653 => -72350654
-44031960 => -44031961
-63753179 => -63753180
81102778 => 81102777
-327134878 => -327134879
-87862719 => -87862720
32724456 => 32724455
-205694939 => -205694940
-21325193 => -21325194
108401801 => 108401800
-264056673 => -264056674
-174708797 => -174708798
-18402000 => -18402001
14922009 => 14922008
-82362774 => -82362775
-3956010 => -3956011
-77297726 => -77297727
128615973 => 128615972
-16318945 => -16318946
-34695926 => -34695927
-265176485 => -265176486
-7658661 => -7658662
-171588208 => -171588209
178082038 => 178082037
25416108 => 25416107
168033702 => 168033701
-179894626 => -179894627
-198433515 => -198433516
33951908 => 33951907
-25678573 => -25678574
37152020 => 37152019
-35069983 => -35069984
163177245 => 163177244
-29671520 => -29671521
68991195 => 68991194
-279175271 => -279175272
-69964616 => -69964617
-185985923 => -185985924
-240827166 => -240827167
49573225 => 49573224
-128800581 => -128800582
3378553 => 3378552
50631175 => 50631174
-95435628 => -95435629
154465560 => 154465559
-230748896 => -230748897
-331643887 => -331643888
-227344604 => -227344605
-8050212 => -8050213
-213281196 => -213281197
-125518428 => -125518429
168412431 => 168412430
-228233974 => -228233975
-185402273 => -185402274
-25879030 => -25879031
-196906465 => -196906466
-116544761 => -116544762
-437076737 => -437076738
-13621398 => -13621399
24114076 => 24114075
-94206237 => -94206238
-109848447 => -109848448
-50970306 => -50970307
-206868706 => -206868707
-133536377 => -133536378
-113032271 => -113032272
-31210538 => -31210539
-105844248 => -105844249
-193756531 => -193756532
133166162 => 133166161
145273934 => 145273933
18679542 => 18679541
-166986030 => -166986031
66344763 => 66344762
24907510 => 24907509
-147482282 => -147482283
-136205652 => -136205653
29042059 => 29042058
-88226097 => -88226098
-25390012 => -25390013
-58996658 => -58996659
-166234936 => -166234937
-67675745 => -67675746
-89119250 => -89119251
-153371421 => -153371422
137983887 => 137983886
-289868600 => -289868601
68745647 => 68745646
-79312381 => -79312382
-82060243 => -82060244
17129088 => 17129087
-90579650 => -90579651
73785382 => 73785381
28386147 => 28386146
-16897164 => -16897165
117207852 => 117207851
-195454857 => -195454858
-430085497 => -430085498
-260481060 => -260481061
63871110 => 63871109
-175143508 => -175143509
57736206 => 57736205
-79591893 => -79591894
-130697572 => -130697573
-77436692 => -77436693
23313764 => 23313763
-54541470 => -54541471
-147059349 => -147059350
-91686776 => -91686777
5891431 => 5891430
41785337 => 41785336
-222551429 => -222551430
-157893030 => -157893031
-190251679 => -190251680
-75811942 => -75811943
-78009430 => -78009431
-121894979 => -121894980
-156938410 => -156938411
-145840118 => -145840119
15651891 => 15651890
-40927257 => -40927258
-170543191 => -170543192
-31047791 => -31047792
-56525953 => -56525954
-114562064 => -114562065
65554305 => 65554304
-63326613 => -63326614
14392551 => 14392550
-99799626 => -99799627
-177319454 => -177319455
-141699677 => -141699678
-184792907 => -184792908
-74867283 => -74867284
12260969 => 12260968
122327055 => 122327054
76564313 => 76564312
-58715179 => -58715180
-107431599 => -107431600
-50086078 => -50086079
-125611641 => -125611642
-90195442 => -90195443
-276833051 => -276833052
-172551714 => -172551715
9059611 => 9059610
-78850927 => -78850928
-15119113 => -15119114
79731193 => 79731192
-274858443 => -274858444
-428055184 => -428055185
-85561115 => -85561116
-302377137 => -302377138
-2176785 => -2176786
-336559980 => -336559981
-296846859 => -296846860
-12035681 => -12035682
-21621716 => -21621717
-192931106 => -192931107
-109492208 => -109492209
-175598642 => -175598643
82473622 => 82473621
-164601912 => -164601913
-137976050 => -137976051
-109666899 => -109666900
-64131005 => -64131006
-17933853 => -17933854
21176220 => 21176219
-50121519 => -50121520
-37457308 => -37457309
-4997897 => -4997898
-505534273 => -505534274
140968701 => 140968700
8916270 => 8916269
48402856 => 48402855
45597304 => 45597303
-28676412 => -28676413
-39576642 => -39576643
-56407573 => -56407574
-6700288 => -6700289
-205205293 => -205205294
-92514623 => -92514624
-159727813 => -159727814
-143268942 => -143268943
-131896321 => -131896322
-105190727 => -105190728
-142193437 => -142193438
-115364122 => -115364123
-41431931 => -41431932
-184242111 => -184242112
-220654826 => -220654827
-364110598 => -364110599
138881849 => 138881848
-88016396 => -88016397
42722888 => 42722887
-63367003 => -63367004
-118723952 => -118723953
-270352648 => -270352649
-298369170 => -298369171
-264558751 => -264558752
-234858728 => -234858729
-333879422 => -333879423
-163285170 => -163285171
-100153922 => -100153923
-217810946 => -217810947
15708408 => 15708407
-384190781 => -384190782
-417284661 => -417284662
-1541616 => -1541617
-123354328 => -123354329
-265221716 => -265221717
-20799248 => -20799249
-49721439 => -49721440
-56980143 => -56980144
-148657899 => -148657900
70202971 => 70202970
-112051663 => -112051664
59454780 => 59454779
-83122647 => -83122648
-116424421 => -116424422
-105655121 => -105655122
-283605166 => -283605167
11340449 => 11340448
-205914066 => -205914067
-6366539 => -6366540
-213322519 => -213322520
44326424 => 44326423
74047458 => 74047457
-85504958 => -85504959
-366426080 => -366426081
-86794486 => -86794487
-115768433 => -115768434
-38204283 => -38204284
21132724 => 21132723
-251748334 => -251748335
-64507914 => -64507915
38516636 => 38516635
-183669151 => -183669152
-203039904 => -203039905
-154779747 => -154779748
-173257185 => -173257186
-137956935 => -137956936
-68223807 => -68223808
-21532231 => -21532232
-85580821 => -85580822
-64600000 => -64600001
-253193394 => -253193395
-57260381 => -57260382
-151928126 => -151928127
-270991243 => -270991244
-51630353 => -51630354
-66676575 => -66676576
-1773150 => -1773151
-125059111 => -125059112
66516366 => 66516365
-356682769 => -356682770
-144271280 => -144271281
-40025230 => -40025231
-54240221 => -54240222
77504555 => 77504554
-40220655 => -40220656
-160337655 => -160337656
-40326215 => -40326216
-169364714 => -169364715
69986901 => 69986900
-176535575 => -176535576
-75999981 => -75999982
59105907 => 59105906
-67174141 => -67174142
122418594 => 122418593
-62812237 => -62812238
-252379579 => -252379580
-443002804 => -443002805
23353289 => 23353288
-11033433 => -11033434
173282100 => 173282099
-167445972 => -167445973
146928977 => 146928976
-513194907 => -513194908
-32587371 => -32587372
-309293308 => -309293309
-139223090 => -139223091
-174124101 => -174124102
20807492 => 20807491
-34299375 => -34299376
-138407936 => -138407937
723885 => 723884
-293441662 => -293441663
-125331699 => -125331700
-143377996 => -143377997
-112438743 => -112438744
-140645063 => -140645064
-222309518 => -222309519
-192873766 => -192873767
-214739150 => -214739151
-21506692 => -21506693
-22665997 => -22665998
50560501 => 50560500
-256424574 => -256424575
-560311783 => -560311784
2087534 => 2087533
20019501 => 20019500
-84542593 => -84542594
-49464004 => -49464005
-221216780 => -221216781
-144901641 => -144901642
-159980743 => -159980744
-130676844 => -130676845
-43925523 => -43925524
-273604578 => -273604579
-21305560 => -21305561
-178987155 => -178987156
-216038878 => -216038879
-35738178 => -35738179
3726376 => 3726375
-31540217 => -31540218
-187413349 => -187413350
-156054697 => -156054698
-35757260 => -35757261
-178576208 => -178576209
-251595622 => -251595623
-188152188 => -188152189
-54577655 => -54577656
170085930 => 170085929
-48824617 => -48824618
-20228233 => -20228234
-39705074 => -39705075
-67336992 => -67336993
-216712193 => -216712194
13891962 => 13891961
50961211 => 50961210
-92344983 => -92344984
-167680576 => -167680577
26880383 => 26880382
-167672070 => -167672071
-164259823 => -164259824
56390098 => 56390097
-325959105 => -325959106
-31396053 => -31396054
-12752616 => -12752617
-52282793 => -52282794
-122134481 => -122134482
-39586281 => -39586282
-71983827 => -71983828
137507183 => 137507182
-193997479 => -193997480
3310418 => 3310417
-282254272 => -282254273
-101186296 => -101186297
31963462 => 31963461
-130552260 => -130552261
-148762245 => -148762246
-37551992 => -37551993
-35862598 => -35862599
-19680558 => -19680559
77401290 => 77401289
163783506 => 163783505
10480011 => 10480010
-55546921 => -55546922
-244911817 => -244911818
-46064549 => -46064550
-111546429 => -111546430
47740080 => 47740079
-41559662 => -41559663
-75821744 => -75821745
44727423 => 44727422
-151420572 => -151420573
-173950266 => -173950267
139192784 => 139192783
15169013 => 15169012
-198825498 => -198825499
43913628 => 43913627
-466496737 => -466496738
-118380579 => -118380580
-33362079 => -33362080
6469444 => 6469443
142942962 => 142942961
169620136 => 169620135
-417915599 => -417915600
77200541 => 77200540
23191702 => 23191701
67042386 => 67042385
-227695121 => -227695122
29698575 => 29698574
-36113882 => -36113883
-314495874 => -314495875
25250723 => 25250722
39780494 => 39780493
-497331671 => -497331672
-46120844 => -46120845
99808481 => 99808480
-326423838 => -326423839
55423092 => 55423091
-165937869 => -165937870
-69831303 => -69831304
58506698 => 58506697
-19486726 => -19486727
39912345 => 39912344
980952 => 980951
-242485902 => -242485903
-11227519 => -11227520
-87890220 => -87890221
-28287364 => -28287365
-76187320 => -76187321
-160381028 => -160381029
-10898845 => -10898846
-117750037 => -117750038
-372452564 => -372452565
-114262447 => -114262448
-130834496 => -130834497
34534992 => 34534991
-62271363 => -62271364
-45166711 => -45166712
-86228204 => -86228205
21217433 => 21217432
-215872733 => -215872734
160418608 => 160418607
4537673 => 4537672
-313849935 => -313849936
38022864 => 38022863
-163118893 => -163118894
27594842 => 27594841
26401555 => 26401554
-134080746 => -134080747
-73192205 => -73192206
-124229102 => -124229103
-76686055 => -76686056
-102063046 => -102063047
-253221776 => -253221777
-133584321 => -133584322
-92579330 => -92579331
-15397857 => -15397858
20261366 => 20261365
-192624039 => -192624040
-15213414 => -15213415
215207983 => 215207982
-194300172 => -194300173
-35219498 => -35219499
-3451055 => -3451056
-26683029 => -26683030
-269665219 => -269665220
97946723 => 97946722
-112384329 => -112384330
-88458586 => -88458587
33969156 => 33969155
164639830 => 164639829
18346920 => 18346919
66659549 => 66659548
-111600145 => -111600146
56574832 => 56574831
-403537172 => -403537173
-46982506 => -46982507
41490116 => 41490115
-22662921 => -22662922
-135037295 => -135037296
3207844 => 3207843
-470311256 => -470311257
-108023622 => -108023623
-35391454 => -35391455
-50801767 => -50801768
-107025011 => -107025012
-17049011 => -17049012
-215065198 => -215065199
-22418298 => -22418299
728615 => 728614
-236203801 => -236203802
-69371645 => -69371646
-280821577 => -280821578
45323150 => 45323149
47459179 => 47459178
-286457179 => -286457180
-77007757 => -77007758
-163174981 => -163174982
-378437061 => -378437062
-135870305 => -135870306
-27048748 => -27048749
60992704 => 60992703
66906597 => 66906596
59643372 => 59643371
-49914736 => -49914737
-244965185 => -244965186
-40210324 => -40210325
27095040 => 27095039
-199042198 => -199042199
-215790266 => -215790267
42961480 => 42961479
-377507407 => -377507408
-69409336 => -69409337
-29207496 => -29207497
-123834310 => -123834311
-27978091 => -27978092
-141474575 => -141474576
-252617915 => -252617916
-56975102 => -56975103
56671299 => 56671298
-43333449 => -43333450
1667530 => 1667529
-304992504 => -304992505
83522950 => 83522949
-85642912 => -85642913
-509832160 => -509832161
-169414650 => -169414651
[32mMatMul Output Matches[0m
Relu #11 on 4096 points, truncate=1 by 12 bits
Mill dotrunc 1 on 16 bits using b = 4
Mill dotrunc 1 on 16 bits using b = 4
Mill dotrunc 1 on 16 bits using b = 4
Mill dotrunc 1 on 16 bits using b = 4
Time in sec for current relu = 0.01
Time in sec for current matmul = 1.171
-117076917 => -29187761886
[31mMatMul Output Mismatch[0m
Relu #13 on 4096 points, truncate=1 by 12 bits
Mill dotrunc 1 on 16 bits using b = 4
Mill dotrunc 1 on 16 bits using b = 4
Mill dotrunc 1 on 16 bits using b = 4
Mill dotrunc 1 on 16 bits using b = 4
Time in sec for current relu = 0.011
Time in sec for current matmul = 0.338
-5191272680 => -283949285
[31mMatMul Output Mismatch[0m
Truncate #1 on 1000 points by 12 bits
Elapsed wall time: 44.6661 seconds
Elapsed CPU time: 36.84 seconds
CPU usage: 20.6197 %
Test end computation
Elapsed time: 45.0923 seconds
Estimated energy used: 18595.8 joules
Thread i = 0, total data sent till now = 25719037
Thread i = 1, total data sent till now = 13271585
Thread i = 2, total data sent till now = 5284150
Thread i = 3, total data sent till now = 13271603
------------------------------------------------------
------------------------------------------------------
------------------------------------------------------
Total time taken = 24071 milliseconds.
Total data sent = 48.0364 MiB.
Number of rounds = 411
Total comm (sent+received) = (see SERVER OUTPUT)
------------------------------------------------------
Total time in Conv = 5.713 seconds.
Total time in MatMul = 3.934 seconds.
Total time in BatchNorm = 0 seconds.
Total time in Truncation = 0.055 seconds.
Total time in Relu = 5.636 seconds.
Total time in MaxPool = 4.027 seconds.
Total time in AvgPool = 0.106 seconds.
Total time in ArgMax = 0 seconds.
Total time in MatAdd = 0 seconds.
Total time in MatAddBroadCast = 0 seconds.
Total time in MulCir = 0 seconds.
Total time in ScalarMul = 0 seconds.
Total time in Sigmoid = 0 seconds.
Total time in Tanh = 0 seconds.
Total time in Sqrt = 0 seconds.
Total time in NormaliseL2 = 0 seconds.
------------------------------------------------------
Conv data sent = 8.27534 MiB.
MatMul data sent = 10.9539 MiB.
BatchNorm data sent = 0 MiB.
Truncation data sent = 0.589609 MiB.
Relu data sent = 8.18199 MiB.
Maxpool data sent = 19.1235 MiB.
Avgpool data sent = 0.912027 MiB.
ArgMax data sent = 0 MiB.
MatAdd data sent = 0 MiB.
MatAddBroadCast data sent = 0 MiB.
MulCir data sent = 0 MiB.
Sigmoid data sent = 0 MiB.
Tanh data sent = 0 MiB.
Sqrt data sent = 0 MiB.
NormaliseL2 data sent = 0 MiB.
------------------------------------------------------
-69106
-4444784
-3211727
-18725235
11852791
-14344246
-20047661
13721055
15723000
24807695
-2827728
-3895239
-17642752
950449
-2272096
1299412
23066234
-16429087
2195403
-18201085
-8200766
11467866
4896434
-3494776
-369687
12888817
7891542
16426774
24649099
-16675203
774378
5158405
7676793
21478547
-18810288
18732758
13656224
3364676
-11003485
-5552291
27244282
-9493628
9339089
-8017775
-10067077
-16130734
-14028856
4075723
-19238119
-18583678
-5643010
-2681800
7451358
24204474
17800904
26197580
17271242
-9756521
-12296230
2540250
24796312
10334351
3884783
-6441962
-18009773
-483562
5013090
19341472
21525359
-17886662
-17925670
-9855805
-19193211
11447249
7798033
7772607
6397483
-1475890
-9129356
-4517758
26830138
-2575174
22891675
29335906
9927521
11243534
14028688
-9859769
3527651
-17249426
20887618
7877259
21993787
1184230
-11338189
-623275
3553741
4700458
-832286
4337190
498261
828023
-189512
7094928
-2849842
-1994632
-614618
-2160278
-3348785
-1305090
-2834222
919234
-1764031
6022543
4551980
-4283794
-3245471
-5634451
2345338
-2785350
-2093232
-2690320
-2994693
-243795
3899340
190692
-1393791
4661035
2516523
1050269
3285363
928044
2171761
3941794
2348273
3665915
2290656
-3090140
2117155
-404268
695340
1236522
-3159713
4023895
2093381
-2481812
-3088473
180014
228381
-3788983
-1248710
1206754
-1580207
109567
3081276
-578298
1059946
2058023
2652310
611431
-1705234
3921752
442169
1860326
3172021
3145554
3091371
-506091
-196992
5114185
-2361005
614822
1070448
-4124119
2870096
2214768
-858189
1201276
-4101701
775856
3784011
-159433
6772253
-1059018
-3680238
1510605
2369119
3681590
2764709
2080255
-2147671
3896415
3626726
-1070797
1797686
1891343
2274578
-272373
-1107518
-293500
2014313
1887154
-3404913
1125417
924211
5555200
99011
42862
3237349
-2439021
-230252
-5783022
2416537
-3724441
754837
1261571
-462660
-1758439
-257251
4048178
-958079
1797076
2026410
1475185
302207
1188735
4233122
744932
-5957961
2771145
6429643
4825816
3536057
685260
452153
1199788
28539654
1521598
560056
-350191
850574
556246
21386
-3313033
434208
3864674
-8923
-1173740
2344670
-861282
1627882
-105459
1194259
-780125
1422275
2002732
-1673691
11405156
-10334850
3202710
-13476473
-13959038
15188696
-394920
-6931207
11587071
15947009
-7476023
-14956738
12398817
-8855769
-16685927
-5502799
-1323257
-12099181
-5250591
10039986
15060180
13040214
-12719492
9939794
-6555481
15987800
-2238699
-892167
-11147156
-14244810
-9959106
10009198
6969025
497690
9937654
6631003
12685286
14378010
14315931
4776257
-11810327
-15142160
-7441106
10041030
-1366441
2235630
5153522
6191256
13459500
-2608406
-9983951
9427360
700433
1568334
-6389847
6309852
-11317682
-12253624
-14907360
-8674692
-5739064
1457895
-15710949
-2521384
1177321
888113
-1982482
-7562720
161526
-1707415
5090349
-1176794
2559380
3153563
4993637
2792328
3526445
1954501
-1278336
-2893265
4310999
4920866
-3083417
1380463
4382173
334612
-3527088
-390096
292635
-1414528
-5938983
1555617
-3168979
297561
-2823315
-1064444
1905624
-2374401
-1068655
-5454453
-1376266
-2287464
458093
-907973
155253
705638
-3662221
-3976462
2384147
-5006208
-3835380
1159104
-1162223
-609155
-508869
806165
-3089909
-4597262
-3796369
26829277
-3411398
-1806537
-798439
-3615801
-892593
-2434781
-447633
-409066
-368398
-5411554
-588671
-825948
8436208
5075555
3494284
-3927211
992460
6536117
6614156
-1000077
-2870181
2650273
-2052575
-639325
1823317
5132277
-4188273
988451
-6728568
-4772669
-3738026
349373
-941544
2274819
1886451
2657026
2938764
29412
1270585
-1402335
-3351199
2606075
3048260
485221
4057140
-2635701
-68413
1594319
1311827
669633
-286898
1072051
3114711
-5365557
1048809
2685951
-5505807
-1360749
2004682
-5116220
-468926
-3919199
1518854
-298099
-2274059
-2372573
3992310
2264213
-7351743
8564221
3876114
-964965
-1136700
-2636972
-6515883
-2349785
-2236943
4689963
-1634494
-664167
2759068
-2774226
-2373783
-1530724
-1379586
1584290
800793
4617887
-2245124
-2961889
-2208603
2319278
-2802452
-4324507
2996001
-2435125
3247631
-8179686
-6788908
1439715
-1122951
3699753
470204
2431507
2145339
541961
-5053281
-2948251
900622
-3899606
8101113
509762
-3470859
-682263
1145431
461647
-1866852
1171451
-1948554
6829961
1009411
-3311184
515310
-6868625
1607208
7194921
-1927221
-3747395
1148903
-2775849
-3018574
-2615315
876477
-4207670
-5667472
2703460
29097972
-1728503
9324568
5634384
9448177
28477368
5829029
-12444474
13048305
7593337
-14870968
-9827869
8544701
-14379647
20751643
18391190
-2421926
11260995
22913674
18837286
6709042
5540813
5831245
26145141
-9020483
5667485
6286337
7986230
23941739
10164000
27597645
-15827421
-17500735
20328371
25321527
-10965328
-16305007
-526277
16190973
11923335
15551767
1753565
-1857081
-7316061
-925996
-100726
18933259
1754529
1725586
17987147
-17366704
-527428
1319887
-2848959
7029387
9079839
-17822444
11008435
8789674
13677371
-20113357
11573621
-2818739
-3338046
1220638
949643
8205474
-3294385
2759980
416983
-1457580
2001974
-1016382
2511600
4348548
910086
-935443
1332162
3115221
-85129
2144057
2619223
-486435
-2500005
1770988
2300956
-851827
181293
-3243244
3553488
1342457
-1363027
3198225
2256037
-1533372
-2760504
5015439
-1354065
7486641
-3343236
2206512
1239985
-2224101
-1673437
-2045870
4617854
-126084
2681847
3311636
4844419
1452174
2958610
-2869134
737436
-2131827
-117101
744402
345454
-2075739
1450513
-830592
-3753783
-3353319
2398723
-772133
-5784411
-3526969
3190910
-640843
879930
2680821
-4097352
-307360
1491383
-1459261
-4826451
714873
985262
1307643
151155
-1545542
2212326
1159130
-170537
589749
3683344
3123178
-1508659
-3869459
-183326
-1395382
2159170
549008
-1282854
-165748
-3138869
-2987150
82532
-668253
-551926
2180812
3104941
3341118
2724533
-2972518
466459
-9461402
-2292256
2058015
-1980666
-2062101
5071975
-1941438
-1618544
1128489
1020202
-1213233
1462017
-559939
7005165
1645727
1719860
1902254
3824465
-876410
-215513
732254
543017
1642769
-3668686
-299708
-1163677
2146134
2533690
-643956
-242454
1171904
-1090105
-2029564
-2387502
3873888
26695945
278314
520007
870419
884344
4477649
2091615
1877785
566254
-3432240
1097583
-197801
-2331709
-2036294
-241121
1336115
178900
-1493602
2618395
1476675
-1459676
-108395
1432097
902256
2863764
499587
1026178
4039257
1377146
2448860
2340640
1035954
-2086561
-1045247
5448164
5347816
4992476
-3438899
3064433
2839868
-2025236
1166879
-2958770
-2381664
-169327
1609405
-5238045
1518240
2230503
1445845
3091453
-2274545
-2484933
923807
528644
-205160
921539
-1902690
-753287
3682554
1062654
-1343883
362022
1867707
4478480
4611002
-1959826
2892284
2199369
-1249131
-1672559
-1435193
-1964048
5786489
-785510
-3890910
6260066
2390432
3546523
83424
-1097605
4721496
-3171793
3279262
-2739595
1309334
2236406
160142
3648511
3301445
1365687
6327142
2240994
1088324
1093178
4036575
-876660
-838635
-475589
3515322
1677677
-3228998
5775601
-97960
-5833432
140701
-1134010
1306594
713119
262729
-1493912
3339093
4833982
-4945124
948910
-2440149
4605124
-4992923
-594780
1661473
-1732787
-304680
-409174
3637142
-3213859
-1121850
2302745
127308
3880295
112405
-2337408
-2962331
-5066447
-2208702
2984799
260813
4404901
1395254
-1315888
-706812
-579038
-3972434
-2577407
1580099
-807140
3253288
-475032
-1508813
2963992
1097924
4419169
25757
3219524
-1245461
4204255
-1017165
990811
657003
2967030
2136244
1675904
-1451834
3449729
-913667
-2107912
3753611
-1249276
-72272
3197858
-794023
-5422648
-3627771
-12357
-1328898
-1192152
301736
-3192237
-1011540
-3375727
3634739
1250381
524519
-1330116
6200254
1804303
-2229761
-574549
-1773366
-2368941
-3993768
3173890
-1530770
-4501729
577140
880593
-4398515
3184179
-3265402
2505526
-3727381
-3901527
-1974459
-3927140
2635076
108669
3751359
-2913289
-404635
1561851
267698
-2838814
-3173953
-3438352
-880417
-2262426
758
-275800
-737215
-3548511
1046965
-627377
-4291051
-3583764
-2007912
-5408873
349653
1171074
-918765
-2095439
-724213
-4032055
-881601
-4800073
4855128
-4162215
-48277
7835
-105576
-2797020
1290986
-2025560
-65791
558410
-6534400
-2412921
-763166
-392723
2041132
-5317061
-3584142
-2023813
-4544478
1892343
1033172
846394
-2273566
-4595379
890465
-4443554
1161904
-7442386
-532260
-4456005
-7035082
-3815231
-2603857
25917478
-516994
-1142251
-1856547
-1307182
-269609
-3146349
40552
-8510494
-6183007
-2747026
231547
-218009
-4712011
-503523
-3583204
-3061821
583015
-941174
6978151
