Number of CPU cores: 4
Using Eigen for Matmul
Doing BaseOT ...
using silent ot pack
using silent ot pack
using silent ot pack
using silent ot pack
After one-time setup, communication
Thread i = 0, total data sent till now = 1748076
Thread i = 1, total data sent till now = 1726247
Thread i = 2, total data sent till now = 1726247
Thread i = 3, total data sent till now = 1726247
-----------Syncronizing-----------
secret_share_mod: 137438953472 bitlength: 37
backend: Ring-SilentOT-Cheetah
-----------Syncronized - now starting execution-----------
HomConv #1 called N=1, H=28, W=28, CI=1, FH=5, FW=5, CO=32, S=1, Padding SAME (2 2 2 2)
Time in sec for current conv = [0.045] sent [1.08687] MB
Maxpool 1 called N=1, H=14, W=14, C=32, ksizeH=2, ksizeW=2
Time in sec for current maxpool = 0.139
Relu #1 on 6272 points, truncate=1 by 12 bits
Mill dotrunc 1 on 16 bits using b = 4
Mill dotrunc 1 on 16 bits using b = 4
Mill dotrunc 1 on 16 bits using b = 4
Mill dotrunc 1 on 16 bits using b = 4
Time in sec for current relu = 0.016
HomConv #2 called N=1, H=14, W=14, CI=32, FH=5, FW=5, CO=64, S=1, Padding SAME (2 2 2 2)
Time in sec for current conv = [0.072] sent [1.93357] MB
Maxpool 2 called N=1, H=7, W=7, C=64, ksizeH=2, ksizeW=2
Time in sec for current maxpool = 0.085
Relu #3 on 3136 points, truncate=1 by 12 bits
Mill dotrunc 1 on 16 bits using b = 4
Mill dotrunc 1 on 16 bits using b = 4
Mill dotrunc 1 on 16 bits using b = 4
Mill dotrunc 1 on 16 bits using b = 4
Time in sec for current relu = 0.008
Time in sec for current matmul = 0.121
Relu #5 on 512 points, truncate=1 by 12 bits
Mill dotrunc 1 on 16 bits using b = 4
Mill dotrunc 1 on 16 bits using b = 4
Mill dotrunc 1 on 16 bits using b = 4
Mill dotrunc 1 on 16 bits using b = 4
Time in sec for current relu = 0.068
Time in sec for current matmul = 0.006
Truncate #1 on 10 points by 12 bits
Elapsed wall time: 9.89117 seconds
Elapsed CPU time: 9.17 seconds
CPU usage: 23.1772 %
Test end computation
Elapsed time: 10.3299 seconds
Estimated energy used: 4788.38 joules
Thread i = 0, total data sent till now = 19652960
Thread i = 1, total data sent till now = 1836387
Thread i = 2, total data sent till now = 2098603
Thread i = 3, total data sent till now = 1836391
------------------------------------------------------
------------------------------------------------------
------------------------------------------------------
Total time taken = 590 milliseconds.
Total data sent = 17.6406 MiB.
Number of rounds = 119
Total comm (sent+received) = 20.0492 MiB.
------------------------------------------------------
Total time in Conv = 0.117 seconds.
Total time in MatMul = 0.127 seconds.
Total time in BatchNorm = 0 seconds.
Total time in Truncation = 0.001 seconds.
Total time in Relu = 0.092 seconds.
Total time in MaxPool = 0.224 seconds.
Total time in AvgPool = 0 seconds.
Total time in ArgMax = 0 seconds.
Total time in MatAdd = 0 seconds.
Total time in MatAddBroadCast = 0 seconds.
Total time in MulCir = 0 seconds.
Total time in ScalarMul = 0 seconds.
Total time in Sigmoid = 0 seconds.
Total time in Tanh = 0 seconds.
Total time in Sqrt = 0 seconds.
Total time in NormaliseL2 = 0 seconds.
------------------------------------------------------
Conv data sent = 3.02044 MiB.
MatMul data sent = 0.641335 MiB.
BatchNorm data sent = 0 MiB.
Truncation data sent = 0.0120735 MiB.
Relu data sent = 0.143547 MiB.
Maxpool data sent = 0.764671 MiB.
Avgpool data sent = 0 MiB.
ArgMax data sent = 0 MiB.
MatAdd data sent = 0 MiB.
MatAddBroadCast data sent = 0 MiB.
MulCir data sent = 0 MiB.
Sigmoid data sent = 0 MiB.
Tanh data sent = 0 MiB.
Sqrt data sent = 0 MiB.
NormaliseL2 data sent = 0 MiB.
------------------------------------------------------
Conv data (sent+received) = 3.25858 MiB.
MatMul data (sent+received) = 1.89147 MiB.
BatchNorm data (sent+received) = 0 MiB.
Truncation data (sent+received) = 0.0241776 MiB.
Relu data (sent+received) = 0.287094 MiB.
Maxpool data (sent+received) = 1.52934 MiB.
Avgpool data (sent+received) = 0 MiB.
ArgMax data (sent+received) = 0 MiB.
MatAdd data (sent+received) = 0 MiB.
MatAddBroadCast data (sent+received) = 0 MiB.
MulCir data (sent+received) = 0 MiB.
ScalarMul data (sent+received) = 0 MiB.
Sigmoid data (sent+received) = 0 MiB.
Tanh data (sent+received) = 0 MiB.
Sqrt data (sent+received) = 0 MiB.
NormaliseL2 data (sent+received) = 0 MiB.
0
0
0
0
0
0
0
0
0
0
