Number of CPU cores: 4
Using Eigen for Matmul
Doing BaseOT ...
using silent ot pack
using silent ot pack
using silent ot pack
using silent ot pack
After one-time setup, communication
Thread i = 0, total data sent till now = 1748076
Thread i = 1, total data sent till now = 1726247
Thread i = 2, total data sent till now = 1726247
Thread i = 3, total data sent till now = 1726247
-----------Syncronizing-----------
secret_share_mod: 137438953472 bitlength: 37
backend: Ring-SilentOT-Cheetah
-----------Syncronized - now starting execution-----------
HomConv #1 called N=1, H=28, W=28, CI=1, FH=5, FW=5, CO=16, S=1, Padding VALID (0 0 0 0)
Time in sec for current conv = [0.02] sent [0.522264] MB
Maxpool 1 called N=1, H=12, W=12, C=16, ksizeH=2, ksizeW=2
Time in sec for current maxpool = 0.05
Relu #1 on 2304 points, truncate=1 by 12 bits
Mill dotrunc 1 on 16 bits using b = 4
Mill dotrunc 1 on 16 bits using b = 4
Mill dotrunc 1 on 16 bits using b = 4
Mill dotrunc 1 on 16 bits using b = 4
Time in sec for current relu = 0.006
HomConv #2 called N=1, H=12, W=12, CI=16, FH=5, FW=5, CO=16, S=1, Padding VALID (0 0 0 0)
Time in sec for current conv = [0.016] sent [0.469869] MB
Maxpool 2 called N=1, H=4, W=4, C=16, ksizeH=2, ksizeW=2
Time in sec for current maxpool = 0.012
Relu #3 on 256 points, truncate=1 by 12 bits
Mill dotrunc 1 on 16 bits using b = 4
Mill dotrunc 1 on 16 bits using b = 4
Mill dotrunc 1 on 16 bits using b = 4
Mill dotrunc 1 on 16 bits using b = 4
Time in sec for current relu = 0.001
Time in sec for current matmul = 0.011
Relu #5 on 100 points, truncate=1 by 12 bits
Mill dotrunc 1 on 16 bits using b = 4
Mill dotrunc 1 on 16 bits using b = 4
Mill dotrunc 1 on 16 bits using b = 4
Mill dotrunc 1 on 16 bits using b = 4
Time in sec for current relu = 0.002
Time in sec for current matmul = 0.004
ArgMax 1 called, s1=1, s2=10
Elapsed wall time: 17.3968 seconds
Elapsed CPU time: 8.28 seconds
CPU usage: 11.8988 %
Test end computation
Elapsed time: 17.4061 seconds
Estimated energy used: 4142.21 joules
Thread i = 0, total data sent till now = 3422581
Thread i = 1, total data sent till now = 1756336
Thread i = 2, total data sent till now = 1827680
Thread i = 3, total data sent till now = 1756403
------------------------------------------------------
------------------------------------------------------
------------------------------------------------------
Total time taken = 131 milliseconds.
Total data sent = 1.75112 MiB.
Number of rounds = 164
Total comm (sent+received) = 2.30115 MiB.
------------------------------------------------------
Total time in Conv = 0.036 seconds.
Total time in MatMul = 0.015 seconds.
Total time in BatchNorm = 0 seconds.
Total time in Truncation = 0 seconds.
Total time in Relu = 0.009 seconds.
Total time in MaxPool = 0.062 seconds.
Total time in AvgPool = 0 seconds.
Total time in ArgMax = 0.002 seconds.
Total time in MatAdd = 0 seconds.
Total time in MatAddBroadCast = 0 seconds.
Total time in MulCir = 0 seconds.
Total time in ScalarMul = 0 seconds.
Total time in Sigmoid = 0 seconds.
Total time in Tanh = 0 seconds.
Total time in Sqrt = 0 seconds.
Total time in NormaliseL2 = 0 seconds.
------------------------------------------------------
Conv data sent = 0.992133 MiB.
MatMul data sent = 0.14565 MiB.
BatchNorm data sent = 0 MiB.
Truncation data sent = 0.00335121 MiB.
Relu data sent = 0.0388308 MiB.
Maxpool data sent = 0.20874 MiB.
Avgpool data sent = 0 MiB.
ArgMax data sent = 0.00235367 MiB.
MatAdd data sent = 0 MiB.
MatAddBroadCast data sent = 0 MiB.
MulCir data sent = 0 MiB.
Sigmoid data sent = 0 MiB.
Tanh data sent = 0 MiB.
Sqrt data sent = 0 MiB.
NormaliseL2 data sent = 0 MiB.
------------------------------------------------------
Conv data (sent+received) = 1.11122 MiB.
MatMul data (sent+received) = 0.324215 MiB.
BatchNorm data (sent+received) = 0 MiB.
Truncation data (sent+received) = 0.00671768 MiB.
Relu data (sent+received) = 0.0777683 MiB.
Maxpool data (sent+received) = 0.41748 MiB.
Avgpool data (sent+received) = 0 MiB.
ArgMax data (sent+received) = 0.003685 MiB.
MatAdd data (sent+received) = 0 MiB.
MatAddBroadCast data (sent+received) = 0 MiB.
MulCir data (sent+received) = 0 MiB.
ScalarMul data (sent+received) = 0 MiB.
Sigmoid data (sent+received) = 0 MiB.
Tanh data (sent+received) = 0 MiB.
Sqrt data (sent+received) = 0 MiB.
NormaliseL2 data (sent+received) = 0 MiB.
0
