Number of CPU cores: 4
Using Eigen for Matmul
Doing BaseOT ...
using silent ot pack
using silent ot pack
using silent ot pack
using silent ot pack
After one-time setup, communication
Thread i = 0, total data sent till now = 1997713
Thread i = 1, total data sent till now = 1726247
Thread i = 2, total data sent till now = 1726247
Thread i = 3, total data sent till now = 1726247
-----------Syncronizing-----------
secret_share_mod: 137438953472 bitlength: 37
backend: Ring-SilentOT-Cheetah
-----------Syncronized - now starting execution-----------
HomConv #1 called N=1, H=28, W=28, CI=1, FH=5, FW=5, CO=16, S=1, Padding VALID (0 0 0 0)
Time in sec for current conv = [0.024] sent [0.0595341] MB
expect -1 but got 0
expect -1 but got 0
[32mConvolution Output Matches[0m
Maxpool 1 called N=1, H=12, W=12, C=16, ksizeH=2, ksizeW=2
Time in sec for current maxpool = 0.044
Relu #1 on 2304 points, truncate=1 by 12 bits
Mill dotrunc 1 on 16 bits using b = 4
Mill dotrunc 1 on 16 bits using b = 4
Mill dotrunc 1 on 16 bits using b = 4
Mill dotrunc 1 on 16 bits using b = 4
Time in sec for current relu = 0.006
HomConv #2 called N=1, H=12, W=12, CI=16, FH=5, FW=5, CO=16, S=1, Padding VALID (0 0 0 0)
Time in sec for current conv = [0.018] sent [0.0595522] MB
expect 105839146 but got 105839147
expect 603482260 but got 603482261
[32mConvolution Output Matches[0m
Maxpool 2 called N=1, H=4, W=4, C=16, ksizeH=2, ksizeW=2
Time in sec for current maxpool = 0.009
Relu #3 on 256 points, truncate=1 by 12 bits
Mill dotrunc 1 on 16 bits using b = 4
Mill dotrunc 1 on 16 bits using b = 4
Mill dotrunc 1 on 16 bits using b = 4
Mill dotrunc 1 on 16 bits using b = 4
Time in sec for current relu = 0.001
Time in sec for current matmul = 0.013
810358960 => 810358959
-1052116584 => -1052116585
2123207409 => 2123207408
-64157019 => -64157020
2102033613 => 2102033612
1074014388 => 1074014387
-7873939626 => -7873939627
2729345241 => 2729345240
2086887940 => 2086887939
578965101 => 578965100
-4116308391 => -4116308392
871237273 => -9084167029
[31mMatMul Output Mismatch[0m
Relu #5 on 100 points, truncate=1 by 12 bits
Mill dotrunc 1 on 16 bits using b = 4
Mill dotrunc 1 on 16 bits using b = 4
Mill dotrunc 1 on 16 bits using b = 4
Mill dotrunc 1 on 16 bits using b = 4
Time in sec for current relu = 0
Time in sec for current matmul = 0.005
6500422534 => 6500422533
[32mMatMul Output Matches[0m
ArgMax 1 called, s1=1, s2=10
Elapsed wall time: 8.55537 seconds
Elapsed CPU time: 8.25 seconds
CPU usage: 24.1077 %
Test end computation
Elapsed time: 8.55582 seconds
Estimated energy used: 4125.22 joules
Thread i = 0, total data sent till now = 2341308
Thread i = 1, total data sent till now = 1827680
Thread i = 2, total data sent till now = 1756336
Thread i = 3, total data sent till now = 1827875
------------------------------------------------------
------------------------------------------------------
------------------------------------------------------
Total time taken = 129 milliseconds.
Total data sent = 0.550027 MiB.
Number of rounds = 164
Total comm (sent+received) = (see SERVER OUTPUT)
------------------------------------------------------
Total time in Conv = 0.042 seconds.
Total time in MatMul = 0.018 seconds.
Total time in BatchNorm = 0 seconds.
Total time in Truncation = 0 seconds.
Total time in Relu = 0.007 seconds.
Total time in MaxPool = 0.053 seconds.
Total time in AvgPool = 0 seconds.
Total time in ArgMax = 0.001 seconds.
Total time in MatAdd = 0 seconds.
Total time in MatAddBroadCast = 0 seconds.
Total time in MulCir = 0 seconds.
Total time in ScalarMul = 0 seconds.
Total time in Sigmoid = 0 seconds.
Total time in Tanh = 0 seconds.
Total time in Sqrt = 0 seconds.
Total time in NormaliseL2 = 0 seconds.
------------------------------------------------------
Conv data sent = 0.119086 MiB.
MatMul data sent = 0.178565 MiB.
BatchNorm data sent = 0 MiB.
Truncation data sent = 0.00336647 MiB.
Relu data sent = 0.0389376 MiB.
Maxpool data sent = 0.20874 MiB.
Avgpool data sent = 0 MiB.
ArgMax data sent = 0.00133133 MiB.
MatAdd data sent = 0 MiB.
MatAddBroadCast data sent = 0 MiB.
MulCir data sent = 0 MiB.
Sigmoid data sent = 0 MiB.
Tanh data sent = 0 MiB.
Sqrt data sent = 0 MiB.
NormaliseL2 data sent = 0 MiB.
------------------------------------------------------
0
