Number of CPU cores: 4
Using Eigen for Matmul
Doing BaseOT ...
using silent ot pack
using silent ot pack
using silent ot pack
using silent ot pack
After one-time setup, communication
Thread i = 0, total data sent till now = 1748076
Thread i = 1, total data sent till now = 1726247
Thread i = 2, total data sent till now = 1726247
Thread i = 3, total data sent till now = 1726247
-----------Syncronizing-----------
secret_share_mod: 137438953472 bitlength: 37
backend: Ring-SilentOT-Cheetah
-----------Syncronized - now starting execution-----------
HomConv #1 called N=1, H=32, W=32, CI=3, FH=3, FW=3, CO=64, S=1, Padding SAME (1 1 1 1)
Time in sec for current conv = [0.067] sent [2.26967] MB
Maxpool 1 called N=1, H=16, W=16, C=64, ksizeH=3, ksizeW=3
Time in sec for current maxpool = 0.814
Relu #1 on 16384 points, truncate=1 by 12 bits
Mill dotrunc 1 on 16 bits using b = 4
Mill dotrunc 1 on 16 bits using b = 4
Mill dotrunc 1 on 16 bits using b = 4
Mill dotrunc 1 on 16 bits using b = 4
Time in sec for current relu = 0.043
HomConv #2 called N=1, H=16, W=16, CI=64, FH=1, FW=1, CO=32, S=1, Padding VALID (0 0 0 0)
Time in sec for current conv = [0.043] sent [0.977989] MB
Relu #3 on 8192 points, truncate=1 by 12 bits
Mill dotrunc 1 on 16 bits using b = 4
Mill dotrunc 1 on 16 bits using b = 4
Mill dotrunc 1 on 16 bits using b = 4
Mill dotrunc 1 on 16 bits using b = 4
Time in sec for current relu = 0.03
HomConv #3 called N=1, H=16, W=16, CI=32, FH=1, FW=1, CO=64, S=1, Padding VALID (0 0 0 0)
Time in sec for current conv = [0.059] sent [1.9557] MB
Relu #5 on 16384 points, truncate=1 by 12 bits
Mill dotrunc 1 on 16 bits using b = 4
Mill dotrunc 1 on 16 bits using b = 4
Mill dotrunc 1 on 16 bits using b = 4
Mill dotrunc 1 on 16 bits using b = 4
Time in sec for current relu = 0.058
HomConv #4 called N=1, H=16, W=16, CI=32, FH=3, FW=3, CO=64, S=1, Padding SAME (1 1 1 1)
Time in sec for current conv = [0.078] sent [1.95838] MB
Relu #7 on 16384 points, truncate=1 by 12 bits
Mill dotrunc 1 on 16 bits using b = 4
Mill dotrunc 1 on 16 bits using b = 4
Mill dotrunc 1 on 16 bits using b = 4
Mill dotrunc 1 on 16 bits using b = 4
Time in sec for current relu = 0.063
HomConv #5 called N=1, H=16, W=16, CI=128, FH=1, FW=1, CO=32, S=1, Padding VALID (0 0 0 0)
Time in sec for current conv = [0.065] sent [0.978019] MB
Relu #9 on 8192 points, truncate=1 by 12 bits
Mill dotrunc 1 on 16 bits using b = 4
Mill dotrunc 1 on 16 bits using b = 4
Mill dotrunc 1 on 16 bits using b = 4
Mill dotrunc 1 on 16 bits using b = 4
Time in sec for current relu = 0.032
HomConv #6 called N=1, H=16, W=16, CI=32, FH=1, FW=1, CO=64, S=1, Padding VALID (0 0 0 0)
Time in sec for current conv = [0.059] sent [1.95607] MB
Relu #11 on 16384 points, truncate=1 by 12 bits
Mill dotrunc 1 on 16 bits using b = 4
Mill dotrunc 1 on 16 bits using b = 4
Mill dotrunc 1 on 16 bits using b = 4
Mill dotrunc 1 on 16 bits using b = 4
Time in sec for current relu = 0.057
HomConv #7 called N=1, H=16, W=16, CI=32, FH=3, FW=3, CO=64, S=1, Padding SAME (1 1 1 1)
Time in sec for current conv = [0.07] sent [1.95821] MB
Relu #13 on 16384 points, truncate=1 by 12 bits
Mill dotrunc 1 on 16 bits using b = 4
Mill dotrunc 1 on 16 bits using b = 4
Mill dotrunc 1 on 16 bits using b = 4
Mill dotrunc 1 on 16 bits using b = 4
Time in sec for current relu = 0.061
Maxpool 2 called N=1, H=8, W=8, C=128, ksizeH=3, ksizeW=3
Time in sec for current maxpool = 0.378
HomConv #8 called N=1, H=8, W=8, CI=128, FH=1, FW=1, CO=32, S=1, Padding VALID (0 0 0 0)
Time in sec for current conv = [0.031] sent [0.939016] MB
Relu #15 on 2048 points, truncate=1 by 12 bits
Mill dotrunc 1 on 16 bits using b = 4
Mill dotrunc 1 on 16 bits using b = 4
Mill dotrunc 1 on 16 bits using b = 4
Mill dotrunc 1 on 16 bits using b = 4
Time in sec for current relu = 0.015
HomConv #9 called N=1, H=8, W=8, CI=32, FH=1, FW=1, CO=128, S=1, Padding VALID (0 0 0 0)
Time in sec for current conv = [0.093] sent [3.75699] MB
Relu #17 on 8192 points, truncate=1 by 12 bits
Mill dotrunc 1 on 16 bits using b = 4
Mill dotrunc 1 on 16 bits using b = 4
Mill dotrunc 1 on 16 bits using b = 4
Mill dotrunc 1 on 16 bits using b = 4
Time in sec for current relu = 0.038
after Conv2DWrapperrr
after badiiii before relu
exactly before relu
after relu
HomConv #10 called N=1, H=8, W=8, CI=256, FH=1, FW=1, CO=32, S=1, Padding VALID (0 0 0 0)
Time in sec for current conv = [0.045] sent [0.93913] MB
Relu #19 on 2048 points, truncate=1 by 12 bits
Mill dotrunc 1 on 16 bits using b = 4
Mill dotrunc 1 on 16 bits using b = 4
Mill dotrunc 1 on 16 bits using b = 4
Mill dotrunc 1 on 16 bits using b = 4
Time in sec for current relu = 0.015
HomConv #11 called N=1, H=8, W=8, CI=32, FH=1, FW=1, CO=128, S=1, Padding VALID (0 0 0 0)
Time in sec for current conv = [0.107] sent [3.75689] MB
Relu #21 on 8192 points, truncate=1 by 12 bits
Mill dotrunc 1 on 16 bits using b = 4
Mill dotrunc 1 on 16 bits using b = 4
Mill dotrunc 1 on 16 bits using b = 4
Mill dotrunc 1 on 16 bits using b = 4
Time in sec for current relu = 0.047
HomConv #12 called N=1, H=8, W=8, CI=32, FH=3, FW=3, CO=128, S=1, Padding SAME (1 1 1 1)
Time in sec for current conv = [0.093] sent [3.75854] MB
Relu #23 on 8192 points, truncate=1 by 12 bits
Mill dotrunc 1 on 16 bits using b = 4
Mill dotrunc 1 on 16 bits using b = 4
Mill dotrunc 1 on 16 bits using b = 4
Mill dotrunc 1 on 16 bits using b = 4
Time in sec for current relu = 0.044
HomConv #13 called N=1, H=8, W=8, CI=256, FH=1, FW=1, CO=10, S=1, Padding VALID (0 0 0 0)
Time in sec for current conv = [0.021] sent [0.293569] MB
Relu #25 on 640 points, truncate=1 by 12 bits
Mill dotrunc 1 on 16 bits using b = 4
Mill dotrunc 1 on 16 bits using b = 4
Mill dotrunc 1 on 16 bits using b = 4
Mill dotrunc 1 on 16 bits using b = 4
Time in sec for current relu = 0.005
AvgPool 1 called N=1, H=1, W=1, C=10, ksizeH=8, ksizeW=8
Time in sec for current avgpool = 0.048
ArgMax 1 called, s1=1, s2=10
Elapsed wall time: 10.5131 seconds
Elapsed CPU time: 13.03 seconds
CPU usage: 30.9852 %
Test end computation
Elapsed time: 10.547 seconds
Estimated energy used: 6536.02 joules
Thread i = 0, total data sent till now = 34785296
Thread i = 1, total data sent till now = 2627912
Thread i = 2, total data sent till now = 4683427
Thread i = 3, total data sent till now = 2890252
------------------------------------------------------
------------------------------------------------------
------------------------------------------------------
Total time taken = 2623 milliseconds.
Total data sent = 36.2969 MiB.
Number of rounds = 436
Total comm (sent+received) = 45.8029 MiB.
------------------------------------------------------
Average CPU usage across all segments: 22.7292 %
Peak CPU usage during computation: 51.0357 %
Total time in Conv = 0.831 seconds.
Total time in MatMul = 0 seconds.
Total time in BatchNorm = 0 seconds.
Total time in Truncation = 0.011 seconds.
Total time in Relu = 0.508 seconds.
Total time in MaxPool = 1.192 seconds.
Total time in AvgPool = 0.048 seconds.
Total time in ArgMax = 0.002 seconds.
Total time in MatAdd = 0 seconds.
Total time in MatAddBroadCast = 0 seconds.
Total time in MulCir = 0 seconds.
Total time in ScalarMul = 0 seconds.
Total time in Sigmoid = 0 seconds.
Total time in Tanh = 0 seconds.
Total time in Sqrt = 0 seconds.
Total time in NormaliseL2 = 0 seconds.
------------------------------------------------------
Conv data sent = 25.4982 MiB.
MatMul data sent = 0 MiB.
BatchNorm data sent = 0 MiB.
Truncation data sent = 0.152924 MiB.
Relu data sent = 1.84276 MiB.
Maxpool data sent = 5.32275 MiB.
Avgpool data sent = 0.291914 MiB.
ArgMax data sent = 0.00235367 MiB.
MatAdd data sent = 0 MiB.
MatAddBroadCast data sent = 0 MiB.
MulCir data sent = 0 MiB.
Sigmoid data sent = 0 MiB.
Tanh data sent = 0 MiB.
Sqrt data sent = 0 MiB.
NormaliseL2 data sent = 0 MiB.
------------------------------------------------------
Conv data (sent+received) = 27.6412 MiB.
Conv data sent = 2.14299 MiB.
MatMul data (sent+received) = 0 MiB.
MatMul data sent = 0 MiB.
BatchNorm data (sent+received) = 0 MiB.
BatchNorm data sent = 0 MiB.
Truncation data (sent+received) = 0.305847 MiB.
Truncation data sent = 0.152924 MiB.
Relu data (sent+received) = 3.68552 MiB.
Relu data sent = 1.84276 MiB.
Maxpool data (sent+received) = 10.6455 MiB.
Maxpool data sent = 5.32275 MiB.
Avgpool data (sent+received) = 0.335114 MiB.
Avgpool data sent = 0.0431995 MiB.
ArgMax data (sent+received) = 0.003685 MiB.
ArgMax data sent = 0.00133133 MiB.
MatAdd data (sent+received) = 0 MiB.
MatAdd data sent = 0 MiB.
MatAddBroadCast data (sent+received) = 0 MiB.
MatAddBroadCast data sent = 0 MiB.
MulCir data (sent+received) = 0 MiB.
ScalarMul data (sent+received) = 0 MiB.
Sigmoid data (sent+received) = 0 MiB.
Tanh data (sent+received) = 0 MiB.
Sqrt data (sent+received) = 0 MiB.
NormaliseL2 data (sent+received) = 0 MiB.
0
