Number of CPU cores: 4
Using Eigen for Matmul
Doing BaseOT ...
using kkot pack
using kkot pack
using kkot pack
using kkot pack
After one-time setup, communication
Thread i = 0, total data sent till now = 184970
Thread i = 1, total data sent till now = 294765
Thread i = 2, total data sent till now = 163141
Thread i = 3, total data sent till now = 294765
-----------Syncronizing-----------
secret_share_mod: 137352314881 bitlength: 37
backend: PrimeField-OT-SCI_HE
-----------Syncronized - now starting execution-----------
Conv2DCSF 1 called N=1, H=32, W=32, CI=3, FH=3, FW=3, CO=64, S=1
Time in sec for current conv = 0.435
Maxpool 1 called N=1, H=16, W=16, C=64, ksizeH=3, ksizeW=3
Time in sec for current maxpool = 1.082
Relu #1 on 16384 points, truncate=1 by 12 bits
Time in sec for current relu = 0.13
Conv2DCSF 2 called N=1, H=16, W=16, CI=64, FH=1, FW=1, CO=32, S=1
Time in sec for current conv = 0.137
Relu #3 on 8192 points, truncate=1 by 12 bits
Time in sec for current relu = 0.072
Conv2DCSF 3 called N=1, H=16, W=16, CI=32, FH=1, FW=1, CO=64, S=1
Time in sec for current conv = 0.143
Relu #5 on 16384 points, truncate=1 by 12 bits
Time in sec for current relu = 0.133
Conv2DCSF 4 called N=1, H=16, W=16, CI=32, FH=3, FW=3, CO=64, S=1
Time in sec for current conv = 0.717
Relu #7 on 16384 points, truncate=1 by 12 bits
Time in sec for current relu = 0.132
Conv2DCSF 5 called N=1, H=16, W=16, CI=128, FH=1, FW=1, CO=32, S=1
Time in sec for current conv = 0.161
Relu #9 on 8192 points, truncate=1 by 12 bits
Time in sec for current relu = 0.073
Conv2DCSF 6 called N=1, H=16, W=16, CI=32, FH=1, FW=1, CO=64, S=1
Time in sec for current conv = 0.133
Relu #11 on 16384 points, truncate=1 by 12 bits
Time in sec for current relu = 0.132
Conv2DCSF 7 called N=1, H=16, W=16, CI=32, FH=3, FW=3, CO=64, S=1
Time in sec for current conv = 0.695
Relu #13 on 16384 points, truncate=1 by 12 bits
Time in sec for current relu = 0.134
Maxpool 2 called N=1, H=8, W=8, C=128, ksizeH=3, ksizeW=3
Time in sec for current maxpool = 0.532
Conv2DCSF 8 called N=1, H=8, W=8, CI=128, FH=1, FW=1, CO=32, S=1
Time in sec for current conv = 0.256
Relu #15 on 2048 points, truncate=1 by 12 bits
Time in sec for current relu = 0.03
Conv2DCSF 9 called N=1, H=8, W=8, CI=32, FH=1, FW=1, CO=128, S=1
Time in sec for current conv = 0.479
Relu #17 on 8192 points, truncate=1 by 12 bits
Time in sec for current relu = 0.072
Conv2DCSF 10 called N=1, H=8, W=8, CI=32, FH=3, FW=3, CO=128, S=1
Time in sec for current conv = 0.798
Relu #19 on 8192 points, truncate=1 by 12 bits
Time in sec for current relu = 0.078
Conv2DCSF 11 called N=1, H=8, W=8, CI=256, FH=1, FW=1, CO=32, S=1
Time in sec for current conv = 0.29
Relu #21 on 2048 points, truncate=1 by 12 bits
Time in sec for current relu = 0.025
Conv2DCSF 12 called N=1, H=8, W=8, CI=32, FH=1, FW=1, CO=128, S=1
Time in sec for current conv = 0.475
Relu #23 on 8192 points, truncate=1 by 12 bits
Time in sec for current relu = 0.073
Conv2DCSF 13 called N=1, H=8, W=8, CI=32, FH=3, FW=3, CO=128, S=1
Time in sec for current conv = 0.788
Relu #25 on 8192 points, truncate=1 by 12 bits
Time in sec for current relu = 0.076
Conv2DCSF 14 called N=1, H=8, W=8, CI=256, FH=1, FW=1, CO=10, S=1
Time in sec for current conv = 0.285
Relu #27 on 640 points, truncate=1 by 12 bits
Time in sec for current relu = 0.019
AvgPool 1 called N=1, H=1, W=1, C=10, ksizeH=8, ksizeW=8
Time in sec for current avgpool = 0.008
ArgMax 1 called, s1=1, s2=10
Elapsed wall time: 20.7618 seconds
Elapsed CPU time: 28.23 seconds
CPU usage: 33.9927 %
Test end computation
Elapsed time: 20.7962 seconds
Estimated energy used: 14138.4 joules
Thread i = 0, total data sent till now = 19597050
Thread i = 1, total data sent till now = 96298650
Thread i = 2, total data sent till now = 14437325
Thread i = 3, total data sent till now = 96642834
------------------------------------------------------
------------------------------------------------------
------------------------------------------------------
Total time taken = 9253 milliseconds.
Total data sent = 215.567 MiB.
Number of rounds = 942
Total comm (sent+received) = 434.365 MiB.
------------------------------------------------------
Total time in Conv = 5.792 seconds.
Total time in MatMul = 0 seconds.
Total time in BatchNorm = 0 seconds.
Total time in Truncation = 0.616 seconds.
Total time in Relu = 1.179 seconds.
Total time in MaxPool = 1.614 seconds.
Total time in AvgPool = 0.008 seconds.
Total time in ArgMax = 0.016 seconds.
Total time in MatAdd = 0 seconds.
Total time in MatAddBroadCast = 0 seconds.
Total time in MulCir = 0 seconds.
Total time in ScalarMul = 0 seconds.
Total time in Sigmoid = 0 seconds.
Total time in Tanh = 0 seconds.
Total time in Sqrt = 0 seconds.
Total time in NormaliseL2 = 0 seconds.
------------------------------------------------------
Conv data sent = 4.87981 MiB.
MatMul data sent = 0 MiB.
BatchNorm data sent = 0 MiB.
Truncation data sent = 39.3842 MiB.
Relu data sent = 69.9233 MiB.
Maxpool data sent = 101.031 MiB.
Avgpool data sent = 0.328239 MiB.
ArgMax data sent = 0.0200653 MiB.
MatAdd data sent = 0 MiB.
MatAddBroadCast data sent = 0 MiB.
MulCir data sent = 0 MiB.
Sigmoid data sent = 0 MiB.
Tanh data sent = 0 MiB.
Sqrt data sent = 0 MiB.
NormaliseL2 data sent = 0 MiB.
------------------------------------------------------
Conv data (sent+received) = 13.1327 MiB.
MatMul data (sent+received) = 0 MiB.
BatchNorm data (sent+received) = 0 MiB.
Truncation data (sent+received) = 78.7684 MiB.
Relu data (sent+received) = 139.847 MiB.
Maxpool data (sent+received) = 202.062 MiB.
Avgpool data (sent+received) = 0.330856 MiB.
ArgMax data (sent+received) = 0.22438 MiB.
MatAdd data (sent+received) = 0 MiB.
MatAddBroadCast data (sent+received) = 0 MiB.
MulCir data (sent+received) = 0 MiB.
ScalarMul data (sent+received) = 0 MiB.
Sigmoid data (sent+received) = 0 MiB.
Tanh data (sent+received) = 0 MiB.
Sqrt data (sent+received) = 0 MiB.
NormaliseL2 data (sent+received) = 0 MiB.
0
