Number of CPU cores: 4
Using Eigen for Matmul
Doing BaseOT ...
using kkot pack
using kkot pack
using kkot pack
using kkot pack
After one-time setup, communication
Thread i = 0, total data sent till now = 241682421
Thread i = 1, total data sent till now = 163141
Thread i = 2, total data sent till now = 294765
Thread i = 3, total data sent till now = 163141
-----------Syncronizing-----------
secret_share_mod: 137352314881 bitlength: 37
backend: PrimeField-OT-SCI_HE
-----------Syncronized - now starting execution-----------
Conv2DCSF 1 called N=1, H=28, W=28, CI=1, FH=5, FW=5, CO=16, S=1
Time in sec for current conv = 0.31
Maxpool 1 called N=1, H=12, W=12, C=16, ksizeH=2, ksizeW=2
Time in sec for current maxpool = 0.074
Relu #1 on 2304 points, truncate=1 by 12 bits
Time in sec for current relu = 0.023
Conv2DCSF 2 called N=1, H=12, W=12, CI=16, FH=5, FW=5, CO=16, S=1
Time in sec for current conv = 0.312
Maxpool 2 called N=1, H=4, W=4, C=16, ksizeH=2, ksizeW=2
Time in sec for current maxpool = 0.032
Relu #3 on 256 points, truncate=1 by 12 bits
Time in sec for current relu = 0.008
Matmul called s1,s2,s3 = 1 256 100
Time in sec for current matmul = 0.033
Relu #5 on 100 points, truncate=1 by 12 bits
Time in sec for current relu = 0.007
Matmul called s1,s2,s3 = 1 100 10
Time in sec for current matmul = 0.022
ArgMax 1 called, s1=1, s2=10
Elapsed wall time: 12.3996 seconds
Elapsed CPU time: 8.4 seconds
CPU usage: 16.936 %
Test end computation
Elapsed time: 12.4002 seconds
Estimated energy used: 4200.19 joules
Thread i = 0, total data sent till now = 247020274
Thread i = 1, total data sent till now = 612249
Thread i = 2, total data sent till now = 3844970
Thread i = 3, total data sent till now = 613869
------------------------------------------------------
------------------------------------------------------
------------------------------------------------------
Total time taken = 924 milliseconds.
Total data sent = 9.33446 MiB.
Number of rounds = 318
Total comm (sent+received) = (see SERVER OUTPUT)
------------------------------------------------------
Total time in Conv = 0.622 seconds.
Total time in MatMul = 0.055 seconds.
Total time in BatchNorm = 0 seconds.
Total time in Truncation = 0.08 seconds.
Total time in Relu = 0.038 seconds.
Total time in MaxPool = 0.106 seconds.
Total time in AvgPool = 0 seconds.
Total time in ArgMax = 0.017 seconds.
Total time in MatAdd = 0 seconds.
Total time in MatAddBroadCast = 0 seconds.
Total time in MulCir = 0 seconds.
Total time in ScalarMul = 0 seconds.
Total time in Sigmoid = 0 seconds.
Total time in Tanh = 0 seconds.
Total time in Sqrt = 0 seconds.
Total time in NormaliseL2 = 0 seconds.
------------------------------------------------------
Conv data sent = 0.750263 MiB.
MatMul data sent = 0.750256 MiB.
BatchNorm data sent = 0 MiB.
Truncation data sent = 2.33424 MiB.
Relu data sent = 1.41136 MiB.
Maxpool data sent = 3.88403 MiB.
Avgpool data sent = 0 MiB.
ArgMax data sent = 0.204315 MiB.
MatAdd data sent = 0 MiB.
MatAddBroadCast data sent = 0 MiB.
MulCir data sent = 0 MiB.
Sigmoid data sent = 0 MiB.
Tanh data sent = 0 MiB.
Sqrt data sent = 0 MiB.
NormaliseL2 data sent = 0 MiB.
------------------------------------------------------
1
