Number of CPU cores: 4
Using Eigen for Matmul
Doing BaseOT ...
using kkot pack
using kkot pack
using kkot pack
using kkot pack
After one-time setup, communication
Thread i = 0, total data sent till now = 241680738
Thread i = 1, total data sent till now = 163141
Thread i = 2, total data sent till now = 294765
Thread i = 3, total data sent till now = 163141
-----------Syncronizing-----------
secret_share_mod: 137352314881 bitlength: 37
backend: PrimeField-OT-SCI_HE
-----------Syncronized - now starting execution-----------
Conv2DGroupCSF 1 called N=1, H=224, W=224, CI=3, FH=11, FW=11, CO=64, S=4,G=1
Conv2DCSF 1 called N=1, H=224, W=224, CI=3, FH=11, FW=11, CO=64, S=4
Time in sec for current conv = 11.286
Time in sec for current conv = 11.287
Relu #1 on 193600 points, truncate=1 by 12 bits
Time in sec for current relu = 1.501
Maxpool 1 called N=1, H=27, W=27, C=64, ksizeH=3, ksizeW=3
Time in sec for current maxpool = 2.833
Conv2DGroupCSF 2 called N=1, H=27, W=27, CI=64, FH=5, FW=5, CO=192, S=1,G=1
Conv2DCSF 2 called N=1, H=27, W=27, CI=64, FH=5, FW=5, CO=192, S=1
Time in sec for current conv = 20.454
Time in sec for current conv = 20.455
Relu #3 on 139968 points, truncate=1 by 12 bits
Time in sec for current relu = 1.074
Maxpool 2 called N=1, H=13, W=13, C=192, ksizeH=3, ksizeW=3
Time in sec for current maxpool = 1.989
Conv2DGroupCSF 3 called N=1, H=13, W=13, CI=192, FH=3, FW=3, CO=384, S=1,G=1
Conv2DCSF 3 called N=1, H=13, W=13, CI=192, FH=3, FW=3, CO=384, S=1
Time in sec for current conv = 10.796
Time in sec for current conv = 10.796
Relu #5 on 64896 points, truncate=1 by 12 bits
Time in sec for current relu = 0.459
Conv2DGroupCSF 4 called N=1, H=13, W=13, CI=384, FH=3, FW=3, CO=256, S=1,G=1
Conv2DCSF 4 called N=1, H=13, W=13, CI=384, FH=3, FW=3, CO=256, S=1
Time in sec for current conv = 14.144
Time in sec for current conv = 14.145
Relu #7 on 43264 points, truncate=1 by 12 bits
Time in sec for current relu = 0.318
Conv2DGroupCSF 5 called N=1, H=13, W=13, CI=256, FH=3, FW=3, CO=256, S=1,G=1
Conv2DCSF 5 called N=1, H=13, W=13, CI=256, FH=3, FW=3, CO=256, S=1
Time in sec for current conv = 9.548
Time in sec for current conv = 9.549
Relu #9 on 43264 points, truncate=1 by 12 bits
Time in sec for current relu = 0.319
Maxpool 3 called N=1, H=6, W=6, C=256, ksizeH=3, ksizeW=3
Time in sec for current maxpool = 0.661
AvgPool 1 called N=1, H=6, W=6, C=256, ksizeH=1, ksizeW=1
Time in sec for current avgpool = 0.089
Matmul called s1,s2,s3 = 1 9216 4096
Time in sec for current matmul = 107.847
Relu #11 on 4096 points, truncate=1 by 12 bits
Time in sec for current relu = 0.033
Matmul called s1,s2,s3 = 1 4096 4096
Time in sec for current matmul = 23.301
Relu #13 on 4096 points, truncate=1 by 12 bits
Time in sec for current relu = 0.033
Matmul called s1,s2,s3 = 1 4096 1000
Time in sec for current matmul = 4.935
Truncate #1 on 1000 points by 12 bits
Elapsed wall time: 239.086 seconds
Elapsed CPU time: 42.34 seconds
CPU usage: 4.42728 %
Test end computation
Elapsed time: 239.523 seconds
Estimated energy used: 21208.7 joules
Thread i = 0, total data sent till now = 689662260
Thread i = 1, total data sent till now = 52385993
Thread i = 2, total data sent till now = 333347930
Thread i = 3, total data sent till now = 52387541
------------------------------------------------------
------------------------------------------------------
------------------------------------------------------
Total time taken = 215028 milliseconds.
Total data sent = 844.461 MiB.
Number of rounds = 837
Total comm (sent+received) = (see SERVER OUTPUT)
------------------------------------------------------
Total time in Conv = 132.46 seconds.
Total time in MatMul = 136.083 seconds.
Total time in BatchNorm = 0 seconds.
Total time in Truncation = 2.148 seconds.
Total time in Relu = 3.737 seconds.
Total time in MaxPool = 5.483 seconds.
Total time in AvgPool = 0.089 seconds.
Total time in ArgMax = 0 seconds.
Total time in MatAdd = 0 seconds.
Total time in MatAddBroadCast = 0 seconds.
Total time in MulCir = 0 seconds.
Total time in ScalarMul = 0 seconds.
Total time in Sigmoid = 0 seconds.
Total time in Tanh = 0 seconds.
Total time in Sqrt = 0 seconds.
Total time in NormaliseL2 = 0 seconds.
------------------------------------------------------
Conv data sent = 49.517 MiB.
MatMul data sent = 84.8457 MiB.
BatchNorm data sent = 0 MiB.
Truncation data sent = 139.103 MiB.
Relu data sent = 238.313 MiB.
Maxpool data sent = 350.831 MiB.
Avgpool data sent = 6.60938 MiB.
ArgMax data sent = 0 MiB.
MatAdd data sent = 0 MiB.
MatAddBroadCast data sent = 0 MiB.
MulCir data sent = 0 MiB.
Sigmoid data sent = 0 MiB.
Tanh data sent = 0 MiB.
Sqrt data sent = 0 MiB.
NormaliseL2 data sent = 0 MiB.
------------------------------------------------------
-20162
-25187
18052
-9774
8429
-105
5215
-6414
1438
2473
-13365
-10849
-16545
-8723
-14765
-23518
388
878
-9827
-15796
-2899
3181
-11656
4011
-14168
-11929
-17115
-14578
-6316
-5533
-23347
-23666
-20066
-4549
195
-14106
7528
-15212
-9052
-18847
-16448
-15598
-13062
-19351
-7995
-11164
-18476
-12190
-15010
-20414
-4103
-1152
-5976
-8399
-2857
-16164
-8273
-16113
-15628
-13520
-8563
3171
-15527
-8858
-19974
-10431
-7994
-6949
-14692
-9371
-13356
-2108
-21246
-23776
-12036
-11251
-7833
-17339
12998
-13218
-17198
-13468
4942
-3530
-3604
-6887
2187
1527
-6247
-1665
-19934
-19190
-13706
-19197
-10919
-17072
-16460
5997
-4228
17928
-4386
-3205
-4498
4513
40374
25002
20638
-28862
-11935
1433
-15121
-12088
-224
-6858
-7717
576
-14752
-16089
-5883
-6584
-7062
-8936
-17623
-3623
-9562
-2591
-9272
52
-17611
-11029
2415
-14679
-13627
-18355
571
-1720
-10620
-7734
-8511
-14021
-6883
-21349
-2610
-14203
-153
10287
22323
-12626
-7672
-5817
9096
36184
5187
575
10523
-2630
-11432
3146
18714
2058
10294
6306
8080
15093
1182
-8996
5619
2534
12697
14219
10631
15792
28961
36309
46616
-5993
14895
3787
7530
34185
32249
26071
10548
8399
13287
13347
16297
-6160
13809
16431
13062
-3648
12293
10929
-3737
16159
1918
-861
-9266
16626
7078
-1912
11586
25496
-155
13216
7137
23196
33195
24128
4020
8133
12071
-9348
11844
7519
915
2382
-4514
7006
5630
-6967
38506
25692
8645
15522
-11830
34748
14252
16245
10005
22507
23219
-9166
5591
36406
15699
12911
14970
11622
13104
7131
23184
19712
23840
29997
19464
15260
65715
49942
59398
24378
-11864
27956
13282
12916
12703
37982
52883
28558
42477
16581
2056
27033
26102
14151
16222
26227
13797
44333
50697
21104
18978
51830
20673
5793
14837
8229
26305
36861
21119
11955
12636
15031
28855
26017
23254
16415
1512
1805
1597
12016
12103
7141
15772
21781
43801
2750
1823
629
-16349
-9780
-2798
-7791
-18385
-8022
-1036
-15135
-2862
-2111
-4211
-8279
-4663
-6586
-863
-11117
-13879
-16331
-21149
-7647
-19482
-14213
-24624
-13936
-10898
-23964
-21724
14075
-2226
-4668
22628
18691
15211
23820
7155
-4348
5745
15664
4382
-3476
9293
32533
9451
-7729
-4806
14052
-2607
-4317
33943
14891
4737
-17501
4095
17885
15170
36876
29683
22928
13374
21425
11417
10927
15521
57
-4134
-7730
-2020
-16162
13057
-4283
5521
-918
17684
6909
2873
-1621
-964
2790
14322
11857
10020
-1420
2592
5080
7433
-2478
-12289
7086
22564
-3336
-17592
-4212
-13851
-23474
5390
-2744
-16454
119
7189
-7586
-5997
-6411
-8831
-9332
-3453
-4542
-19709
-11965
-5896
-5437
-4666
-7761
13363
1540
3570
-3638
-8007
-7427
2934
10055
2679
-1612
4582
-2431
18909
-14903
-10628
-2982
25113
10311
-7942
-4468
13166
10313
13844
10141
-14283
-6987
3565
-1835
-354
-6864
-10677
17504
-5644
-7761
-13177
2670
-11018
-23044
-8940
-982
4200
1352
1431
-524
2130
24837
-1256
-9324
-4341
-12081
-4509
16885
1811
-3114
-15089
6964
-6644
-2738
-1820
-10783
4793
-4675
4748
2409
-2678
-482
19901
-2566
-3809
-4368
-8035
-4463
-13876
-4473
-13007
17860
-1472
16358
6503
-6042
-8115
-13533
-5930
-11178
5876
1325
-7752
3668
-17687
3703
-3077
-13616
2358
-2977
-11979
-8109
25281
-9208
-12082
-16181
-3861
-841
-24
21969
-8194
-11289
-9629
7069
1160
6596
-9619
4266
-5191
-16041
-7218
-1994
-4358
-1860
1119
-1701
-17624
-3987
16249
-17272
-7516
41731
-26880
22871
-11516
5021
7204
15858
-10487
12080
5903
-18739
-9606
-8051
-12116
2972
9360
2903
-19
-12968
-7418
3188
6178
-6016
-9888
-10332
-2060
-2788
-21176
-10068
-7169
-8404
28007
-7494
-9776
-4398
-1740
-12689
-5962
-9360
-11080
-3297
-3298
-14240
-4348
-11306
1260
-7210
-8555
5348
-7027
1961
7083
4804
5821
-6251
-7529
10788
-5311
-8710
12459
4954
-3542
-2397
72
-9556
5566
-1610
-7246
7545
5681
-5951
5487
-4447
-5564
11103
-11112
3915
7321
-2771
2746
-3039
-2298
-2219
15914
3370
14436
-1796
-9416
-9336
4256
-12254
-7422
15459
-1378
-7604
-1674
-147
-8710
-7237
3013
-5832
-3285
-1332
5749
1813
-2770
10315
-6094
-23387
-739
-4638
-779
-9472
13323
-6096
10799
-9420
-4538
-14790
-7982
1808
2229
-3677
-7927
-19264
-4926
-13335
4136
-2384
-7544
16347
-14304
-16055
-1894
-12292
-9534
18232
13812
-16113
32171
2208
-977
-3428
9015
12309
-11074
3950
12767
-4551
-9585
-19791
7597
-11262
5840
7301
-5780
1637
-7261
-9737
8379
-4422
-8126
6791
18614
-7127
6719
8161
-2792
-17475
-10715
-2078
-7066
6641
10504
-1964
2524
2445
5508
1635
-1767
-8321
-8389
2880
498
3472
11176
5289
-11104
-671
-11330
-11303
2560
-17059
-4513
20137
-2420
1216
-13396
1027
-9836
-4562
-9179
-13318
3500
-9087
9858
4227
4328
-9339
10086
-1378
-5606
-7066
10238
-5946
3984
9940
657
-12759
-6276
-13300
2565
4231
2008
21257
-6190
4288
2251
2489
-8493
2652
-1879
11465
-4894
-4037
-1852
18848
-1737
-2600
4884
-3693
2215
-14789
-7651
-12966
13535
4531
13511
16236
65
1310
4843
2212
7753
19283
2160
1742
9930
-4968
6050
14940
-9674
4207
-5715
-6538
-3900
-20342
-3931
14056
8956
-6442
2612
-12312
10814
16961
-15722
8352
-4615
-7964
-72
-20117
-12670
3733
-9368
-17651
-3693
7595
5942
-8573
-9553
-817
-843
-15300
-6496
-5128
-10650
-16281
6792
-2054
7472
11948
76
-11478
3027
5174
15872
-6005
7863
9564
-5810
1918
-7815
-3582
23233
4660
19354
-17379
-16119
6003
-15856
-20827
-3385
10555
-6526
6339
2889
-7515
-20982
12481
-10683
-6199
-9062
4657
2662
-15037
-831
-22602
-11867
-11390
21272
-477
9117
5675
-3924
-13658
4858
-5342
-17484
-2901
-16787
-2961
-12157
-1713
-1774
7318
3508
-10354
-11999
4186
15348
1944
5807
-5581
-12476
-7443
11329
2406
16156
3830
-1579
-2578
-8566
6469
13054
9650
5130
-9531
-12368
-12995
9247
1448
14117
-6660
-16169
5669
-5398
-10653
-13043
-12306
-10156
-82
1873
16577
-8955
4062
3226
-3203
141
-3985
-14609
-1601
135
-11826
-16614
-14021
6781
-11619
-13018
-8043
-18670
-3823
-6625
-3670
-8573
-4125
-10828
-5074
2434
-23360
9306
-2103
-3252
-15907
3666
5229
-23289
-407
542
9233
-2250
-7391
7702
-11460
-14582
15540
-12612
-6187
-18285
-262
-22068
9916
-6441
-21632
-19927
-6570
-789
-16771
-3911
-23115
-25954
10696
-5138
1968
-8494
-2432
-15404
-1533
105
15798
2470
-7867
8362
16936
