Number of CPU cores: 4
Using Eigen for Matmul
Doing BaseOT ...
using kkot pack
using kkot pack
using kkot pack
using kkot pack
After one-time setup, communication
Thread i = 0, total data sent till now = 241684766
Thread i = 1, total data sent till now = 163141
Thread i = 2, total data sent till now = 294765
Thread i = 3, total data sent till now = 163141
-----------Syncronizing-----------
secret_share_mod: 137352314881 bitlength: 37
backend: PrimeField-OT-SCI_HE
-----------Syncronized - now starting execution-----------
Conv2DCSF 1 called N=1, H=227, W=227, CI=3, FH=3, FW=3, CO=64, S=2
Time in sec for current conv = 18.827
Maxpool 1 called N=1, H=56, W=56, C=64, ksizeH=3, ksizeW=3
Time in sec for current maxpool = 12.427
Relu #1 on 200704 points, truncate=1 by 12 bits
Time in sec for current relu = 1.553
Conv2DCSF 2 called N=1, H=56, W=56, CI=64, FH=1, FW=1, CO=16, S=1
Time in sec for current conv = 0.456
Relu #3 on 50176 points, truncate=1 by 12 bits
Time in sec for current relu = 0.378
Conv2DCSF 3 called N=1, H=56, W=56, CI=16, FH=1, FW=1, CO=64, S=1
Time in sec for current conv = 0.532
Relu #5 on 200704 points, truncate=1 by 12 bits
Time in sec for current relu = 1.503
Conv2DCSF 4 called N=1, H=56, W=56, CI=16, FH=3, FW=3, CO=64, S=1
Time in sec for current conv = 2.813
Relu #7 on 200704 points, truncate=1 by 12 bits
Time in sec for current relu = 1.499
Conv2DCSF 5 called N=1, H=56, W=56, CI=128, FH=1, FW=1, CO=16, S=1
Time in sec for current conv = 0.781
Relu #9 on 50176 points, truncate=1 by 12 bits
Time in sec for current relu = 0.388
Conv2DCSF 6 called N=1, H=56, W=56, CI=16, FH=1, FW=1, CO=64, S=1
Time in sec for current conv = 0.531
Relu #11 on 200704 points, truncate=1 by 12 bits
Time in sec for current relu = 1.514
Conv2DCSF 7 called N=1, H=56, W=56, CI=16, FH=3, FW=3, CO=64, S=1
Time in sec for current conv = 2.717
Relu #13 on 200704 points, truncate=1 by 12 bits
Time in sec for current relu = 1.512
Maxpool 2 called N=1, H=27, W=27, C=128, ksizeH=3, ksizeW=3
Time in sec for current maxpool = 5.684
Conv2DCSF 8 called N=1, H=27, W=27, CI=128, FH=1, FW=1, CO=32, S=1
Time in sec for current conv = 0.361
Relu #15 on 23328 points, truncate=1 by 12 bits
Time in sec for current relu = 0.177
Conv2DCSF 9 called N=1, H=27, W=27, CI=32, FH=1, FW=1, CO=128, S=1
Time in sec for current conv = 0.465
Relu #17 on 93312 points, truncate=1 by 12 bits
Time in sec for current relu = 0.707
Conv2DCSF 10 called N=1, H=27, W=27, CI=32, FH=3, FW=3, CO=128, S=1
Time in sec for current conv = 2.569
Relu #19 on 93312 points, truncate=1 by 12 bits
Time in sec for current relu = 0.719
Conv2DCSF 11 called N=1, H=27, W=27, CI=256, FH=1, FW=1, CO=32, S=1
Time in sec for current conv = 0.663
Relu #21 on 23328 points, truncate=1 by 12 bits
Time in sec for current relu = 0.175
Conv2DCSF 12 called N=1, H=27, W=27, CI=32, FH=1, FW=1, CO=128, S=1
Time in sec for current conv = 0.475
Relu #23 on 93312 points, truncate=1 by 12 bits
Time in sec for current relu = 0.715
Conv2DCSF 13 called N=1, H=27, W=27, CI=32, FH=3, FW=3, CO=128, S=1
Time in sec for current conv = 2.576
Relu #25 on 93312 points, truncate=1 by 12 bits
Time in sec for current relu = 0.693
Maxpool 3 called N=1, H=13, W=13, C=256, ksizeH=3, ksizeW=3
Time in sec for current maxpool = 2.641
Conv2DCSF 14 called N=1, H=13, W=13, CI=256, FH=1, FW=1, CO=48, S=1
Time in sec for current conv = 0.38
Relu #27 on 8112 points, truncate=1 by 12 bits
Time in sec for current relu = 0.07
Conv2DCSF 15 called N=1, H=13, W=13, CI=48, FH=1, FW=1, CO=192, S=1
Time in sec for current conv = 0.472
Relu #29 on 32448 points, truncate=1 by 12 bits
Time in sec for current relu = 0.232
Conv2DCSF 16 called N=1, H=13, W=13, CI=48, FH=3, FW=3, CO=192, S=1
Time in sec for current conv = 1.98
Relu #31 on 32448 points, truncate=1 by 12 bits
Time in sec for current relu = 0.232
Conv2DCSF 17 called N=1, H=13, W=13, CI=384, FH=1, FW=1, CO=48, S=1
Time in sec for current conv = 0.513
Relu #33 on 8112 points, truncate=1 by 12 bits
Time in sec for current relu = 0.071
Conv2DCSF 18 called N=1, H=13, W=13, CI=48, FH=1, FW=1, CO=192, S=1
Time in sec for current conv = 0.448
Relu #35 on 32448 points, truncate=1 by 12 bits
Time in sec for current relu = 0.234
Conv2DCSF 19 called N=1, H=13, W=13, CI=48, FH=3, FW=3, CO=192, S=1
Time in sec for current conv = 1.986
Relu #37 on 32448 points, truncate=1 by 12 bits
Time in sec for current relu = 0.234
Conv2DCSF 20 called N=1, H=13, W=13, CI=384, FH=1, FW=1, CO=64, S=1
Time in sec for current conv = 0.515
Relu #39 on 10816 points, truncate=1 by 12 bits
Time in sec for current relu = 0.096
Conv2DCSF 21 called N=1, H=13, W=13, CI=64, FH=1, FW=1, CO=256, S=1
Time in sec for current conv = 0.575
Relu #41 on 43264 points, truncate=1 by 12 bits
Time in sec for current relu = 0.319
Conv2DCSF 22 called N=1, H=13, W=13, CI=64, FH=3, FW=3, CO=256, S=1
Time in sec for current conv = 2.625
Relu #43 on 43264 points, truncate=1 by 12 bits
Time in sec for current relu = 0.318
Conv2DCSF 23 called N=1, H=13, W=13, CI=512, FH=1, FW=1, CO=64, S=1
Time in sec for current conv = 0.659
Relu #45 on 10816 points, truncate=1 by 12 bits
Time in sec for current relu = 0.096
Conv2DCSF 24 called N=1, H=13, W=13, CI=64, FH=1, FW=1, CO=256, S=1
Time in sec for current conv = 0.586
Relu #47 on 43264 points, truncate=1 by 12 bits
Time in sec for current relu = 0.316
Conv2DCSF 25 called N=1, H=13, W=13, CI=64, FH=3, FW=3, CO=256, S=1
Time in sec for current conv = 2.636
Relu #49 on 43264 points, truncate=1 by 12 bits
Time in sec for current relu = 0.316
Conv2DCSF 26 called N=1, H=13, W=13, CI=512, FH=1, FW=1, CO=1000, S=1
Time in sec for current conv = 9.846
Relu #51 on 169000 points, truncate=1 by 12 bits
Time in sec for current relu = 1.246
AvgPool 1 called N=1, H=1, W=1, C=1000, ksizeH=13, ksizeW=13
Time in sec for current avgpool = 0.03
ArgMax 1 called, s1=1, s2=1000
Elapsed wall time: 113.722 seconds
Elapsed CPU time: 111.11 seconds
CPU usage: 24.4257 %
Test end computation
Elapsed time: 113.781 seconds
Estimated energy used: 55583.6 joules
Thread i = 0, total data sent till now = 2028795799
Thread i = 1, total data sent till now = 210435157
Thread i = 2, total data sent till now = 1320209770
Thread i = 3, total data sent till now = 210444685
------------------------------------------------------
------------------------------------------------------
------------------------------------------------------
Total time taken = 101564 milliseconds.
Total data sent = 3364.16 MiB.
Number of rounds = 1708
Total comm (sent+received) = (see SERVER OUTPUT)
------------------------------------------------------
Average CPU usage across all segments: 23.4363 %
Peak CPU usage during computation: 52.8755 %
Total time in Conv = 56.987 seconds.
Total time in MatMul = 0 seconds.
Total time in BatchNorm = 0 seconds.
Total time in Truncation = 8.294 seconds.
Total time in Relu = 15.313 seconds.
Total time in MaxPool = 20.752 seconds.
Total time in AvgPool = 0.03 seconds.
Total time in ArgMax = 0.055 seconds.
Total time in MatAdd = 0 seconds.
Total time in MatAddBroadCast = 0 seconds.
Total time in MulCir = 0 seconds.
Total time in ScalarMul = 0 seconds.
Total time in Sigmoid = 0 seconds.
Total time in Tanh = 0 seconds.
Total time in Sqrt = 0 seconds.
Total time in NormaliseL2 = 0 seconds.
------------------------------------------------------
Conv data sent = 444.417 MiB.
MatMul data sent = 0 MiB.
BatchNorm data sent = 0 MiB.
Truncation data sent = 576.913 MiB.
Relu data sent = 1004.25 MiB.
Maxpool data sent = 1336.34 MiB.
Avgpool data sent = 1.10473 MiB.
ArgMax data sent = 1.13604 MiB.
MatAdd data sent = 0 MiB.
MatAddBroadCast data sent = 0 MiB.
MulCir data sent = 0 MiB.
Sigmoid data sent = 0 MiB.
Tanh data sent = 0 MiB.
Sqrt data sent = 0 MiB.
NormaliseL2 data sent = 0 MiB.
------------------------------------------------------
top-10 values from SqueezeNet
[31.7448730,30.9345703,30.3242188,28.5620117,28.1743164,27.8937988,27.7216797,27.6179199,27.5144043,27.2539062,]
predicted label = 248
