Number of CPU cores: 4
Using Eigen for Matmul
Doing BaseOT ...
using kkot pack
using kkot pack
using kkot pack
using kkot pack
After one-time setup, communication
Thread i = 0, total data sent till now = 241682720
Thread i = 1, total data sent till now = 163141
Thread i = 2, total data sent till now = 294765
Thread i = 3, total data sent till now = 163141
-----------Syncronizing-----------
secret_share_mod: 137352314881 bitlength: 37
backend: PrimeField-OT-SCI_HE
-----------Syncronized - now starting execution-----------
Starting fused batchNorm #1
Time in sec for current BN = [0.247] sent [7.12743] MB
Truncate #1 on 150528 points by 12 bits
Conv2DCSF 1 called N=1, H=226, W=226, CI=3, FH=3, FW=3, CO=24, S=2
Time in sec for current conv = 15.415
Relu #1 on 301056 points, truncate=1 by 12 bits
Time in sec for current relu = 2.491
Maxpool 1 called N=1, H=56, W=56, C=24, ksizeH=3, ksizeW=3
Time in sec for current maxpool = 4.661
Conv2DCSF 2 called N=1, H=56, W=56, CI=24, FH=1, FW=1, CO=58, S=1
Time in sec for current conv = 0.623
Relu #3 on 181888 points, truncate=1 by 12 bits
Time in sec for current relu = 1.378
Conv2DCSF 3 called N=1, H=58, W=58, CI=58, FH=3, FW=3, CO=58, S=2
Time in sec for current conv = 2.889
Truncate #2 on 45472 points by 12 bits
Conv2DCSF 4 called N=1, H=28, W=28, CI=58, FH=1, FW=1, CO=58, S=1
Time in sec for current conv = 0.39
Conv2DCSF 5 called N=1, H=58, W=58, CI=24, FH=3, FW=3, CO=24, S=2
Time in sec for current conv = 0.535
Truncate #3 on 18816 points by 12 bits
Conv2DCSF 6 called N=1, H=28, W=28, CI=24, FH=1, FW=1, CO=58, S=1
Time in sec for current conv = 0.212
Truncate #4 on 45472 points by 12 bits
Truncate #5 on 45472 points by 12 bits
Relu #5 on 90944 points, truncate=0 by 0 bits
Time in sec for current relu = 0.7
Conv2DCSF 7 called N=1, H=28, W=28, CI=58, FH=1, FW=1, CO=58, S=1
Time in sec for current conv = 0.39
Relu #7 on 45472 points, truncate=1 by 12 bits
Time in sec for current relu = 0.333
Conv2DCSF 8 called N=1, H=30, W=30, CI=58, FH=3, FW=3, CO=58, S=1
Time in sec for current conv = 2.631
Truncate #6 on 45472 points by 12 bits
Conv2DCSF 9 called N=1, H=28, W=28, CI=58, FH=1, FW=1, CO=58, S=1
Time in sec for current conv = 0.391
Relu #9 on 45472 points, truncate=1 by 12 bits
Time in sec for current relu = 0.332
Conv2DCSF 10 called N=1, H=28, W=28, CI=58, FH=1, FW=1, CO=58, S=1
Time in sec for current conv = 0.39
Relu #11 on 45472 points, truncate=1 by 12 bits
Time in sec for current relu = 0.331
Conv2DCSF 11 called N=1, H=30, W=30, CI=58, FH=3, FW=3, CO=58, S=1
Time in sec for current conv = 2.522
Truncate #7 on 45472 points by 12 bits
Conv2DCSF 12 called N=1, H=28, W=28, CI=58, FH=1, FW=1, CO=58, S=1
Time in sec for current conv = 0.391
Relu #13 on 45472 points, truncate=1 by 12 bits
Time in sec for current relu = 0.331
Conv2DCSF 13 called N=1, H=28, W=28, CI=58, FH=1, FW=1, CO=58, S=1
Time in sec for current conv = 0.395
Relu #15 on 45472 points, truncate=1 by 12 bits
Time in sec for current relu = 0.33
Conv2DCSF 14 called N=1, H=30, W=30, CI=58, FH=3, FW=3, CO=58, S=1
Time in sec for current conv = 2.551
Truncate #8 on 45472 points by 12 bits
Conv2DCSF 15 called N=1, H=28, W=28, CI=58, FH=1, FW=1, CO=58, S=1
Time in sec for current conv = 0.383
Relu #17 on 45472 points, truncate=1 by 12 bits
Time in sec for current relu = 0.331
Conv2DCSF 16 called N=1, H=28, W=28, CI=116, FH=1, FW=1, CO=116, S=1
Time in sec for current conv = 1.133
Relu #19 on 90944 points, truncate=1 by 12 bits
Time in sec for current relu = 0.704
Conv2DCSF 17 called N=1, H=30, W=30, CI=116, FH=3, FW=3, CO=116, S=2
Time in sec for current conv = 3.044
Truncate #9 on 22736 points by 12 bits
Conv2DCSF 18 called N=1, H=14, W=14, CI=116, FH=1, FW=1, CO=116, S=1
Time in sec for current conv = 0.535
Conv2DCSF 19 called N=1, H=30, W=30, CI=116, FH=3, FW=3, CO=116, S=2
Time in sec for current conv = 2.882
Truncate #10 on 22736 points by 12 bits
Conv2DCSF 20 called N=1, H=14, W=14, CI=116, FH=1, FW=1, CO=116, S=1
Time in sec for current conv = 0.448
Truncate #11 on 22736 points by 12 bits
Truncate #12 on 22736 points by 12 bits
Relu #21 on 45472 points, truncate=0 by 0 bits
Time in sec for current relu = 0.343
Conv2DCSF 21 called N=1, H=14, W=14, CI=116, FH=1, FW=1, CO=116, S=1
Time in sec for current conv = 0.442
Relu #23 on 22736 points, truncate=1 by 12 bits
Time in sec for current relu = 0.177
Conv2DCSF 22 called N=1, H=16, W=16, CI=116, FH=3, FW=3, CO=116, S=1
Time in sec for current conv = 2.486
Truncate #13 on 22736 points by 12 bits
Conv2DCSF 23 called N=1, H=14, W=14, CI=116, FH=1, FW=1, CO=116, S=1
Time in sec for current conv = 0.438
Relu #25 on 22736 points, truncate=1 by 12 bits
Time in sec for current relu = 0.176
Conv2DCSF 24 called N=1, H=14, W=14, CI=116, FH=1, FW=1, CO=116, S=1
Time in sec for current conv = 0.453
Relu #27 on 22736 points, truncate=1 by 12 bits
Time in sec for current relu = 0.174
Conv2DCSF 25 called N=1, H=16, W=16, CI=116, FH=3, FW=3, CO=116, S=1
Time in sec for current conv = 2.532
Truncate #14 on 22736 points by 12 bits
Conv2DCSF 26 called N=1, H=14, W=14, CI=116, FH=1, FW=1, CO=116, S=1
Time in sec for current conv = 0.445
Relu #29 on 22736 points, truncate=1 by 12 bits
Time in sec for current relu = 0.175
Conv2DCSF 27 called N=1, H=14, W=14, CI=116, FH=1, FW=1, CO=116, S=1
Time in sec for current conv = 0.44
Relu #31 on 22736 points, truncate=1 by 12 bits
Time in sec for current relu = 0.176
Conv2DCSF 28 called N=1, H=16, W=16, CI=116, FH=3, FW=3, CO=116, S=1
Time in sec for current conv = 2.421
Truncate #15 on 22736 points by 12 bits
Conv2DCSF 29 called N=1, H=14, W=14, CI=116, FH=1, FW=1, CO=116, S=1
Time in sec for current conv = 0.444
Relu #33 on 22736 points, truncate=1 by 12 bits
Time in sec for current relu = 0.174
Conv2DCSF 30 called N=1, H=14, W=14, CI=116, FH=1, FW=1, CO=116, S=1
Time in sec for current conv = 0.445
Relu #35 on 22736 points, truncate=1 by 12 bits
Time in sec for current relu = 0.175
Conv2DCSF 31 called N=1, H=16, W=16, CI=116, FH=3, FW=3, CO=116, S=1
Time in sec for current conv = 2.543
Truncate #16 on 22736 points by 12 bits
Conv2DCSF 32 called N=1, H=14, W=14, CI=116, FH=1, FW=1, CO=116, S=1
Time in sec for current conv = 0.44
Relu #37 on 22736 points, truncate=1 by 12 bits
Time in sec for current relu = 0.178
Conv2DCSF 33 called N=1, H=14, W=14, CI=116, FH=1, FW=1, CO=116, S=1
Time in sec for current conv = 0.452
Relu #39 on 22736 points, truncate=1 by 12 bits
Time in sec for current relu = 0.174
Conv2DCSF 34 called N=1, H=16, W=16, CI=116, FH=3, FW=3, CO=116, S=1
Time in sec for current conv = 2.535
Truncate #17 on 22736 points by 12 bits
Conv2DCSF 35 called N=1, H=14, W=14, CI=116, FH=1, FW=1, CO=116, S=1
Time in sec for current conv = 0.44
Relu #41 on 22736 points, truncate=1 by 12 bits
Time in sec for current relu = 0.175
Conv2DCSF 36 called N=1, H=14, W=14, CI=116, FH=1, FW=1, CO=116, S=1
Time in sec for current conv = 0.44
Relu #43 on 22736 points, truncate=1 by 12 bits
Time in sec for current relu = 0.188
Conv2DCSF 37 called N=1, H=16, W=16, CI=116, FH=3, FW=3, CO=116, S=1
Time in sec for current conv = 1.952
Truncate #18 on 22736 points by 12 bits
Conv2DCSF 38 called N=1, H=14, W=14, CI=116, FH=1, FW=1, CO=116, S=1
Time in sec for current conv = 0.443
Relu #45 on 22736 points, truncate=1 by 12 bits
Time in sec for current relu = 0.176
Conv2DCSF 39 called N=1, H=14, W=14, CI=116, FH=1, FW=1, CO=116, S=1
Time in sec for current conv = 0.437
Relu #47 on 22736 points, truncate=1 by 12 bits
Time in sec for current relu = 0.175
Conv2DCSF 40 called N=1, H=16, W=16, CI=116, FH=3, FW=3, CO=116, S=1
Time in sec for current conv = 2.543
Truncate #19 on 22736 points by 12 bits
Conv2DCSF 41 called N=1, H=14, W=14, CI=116, FH=1, FW=1, CO=116, S=1
Time in sec for current conv = 0.45
Relu #49 on 22736 points, truncate=1 by 12 bits
Time in sec for current relu = 0.176
Conv2DCSF 42 called N=1, H=16, W=16, CI=232, FH=3, FW=3, CO=232, S=2
Time in sec for current conv = 4.173
Truncate #20 on 11368 points by 12 bits
Conv2DCSF 43 called N=1, H=7, W=7, CI=232, FH=1, FW=1, CO=232, S=1
Time in sec for current conv = 0.851
Conv2DCSF 44 called N=1, H=14, W=14, CI=232, FH=1, FW=1, CO=232, S=1
Time in sec for current conv = 1.247
Relu #51 on 45472 points, truncate=1 by 12 bits
Time in sec for current relu = 0.334
Conv2DCSF 45 called N=1, H=16, W=16, CI=232, FH=3, FW=3, CO=232, S=2
Time in sec for current conv = 4.188
Truncate #21 on 11368 points by 12 bits
Conv2DCSF 46 called N=1, H=7, W=7, CI=232, FH=1, FW=1, CO=232, S=1
Time in sec for current conv = 0.722
Truncate #22 on 11368 points by 12 bits
Truncate #23 on 11368 points by 12 bits
Relu #53 on 22736 points, truncate=0 by 0 bits
Time in sec for current relu = 0.183
Conv2DCSF 47 called N=1, H=7, W=7, CI=232, FH=1, FW=1, CO=232, S=1
Time in sec for current conv = 0.715
Relu #55 on 11368 points, truncate=1 by 12 bits
Time in sec for current relu = 0.099
Conv2DCSF 48 called N=1, H=9, W=9, CI=232, FH=3, FW=3, CO=232, S=1
Time in sec for current conv = 5.172
Truncate #24 on 11368 points by 12 bits
Conv2DCSF 49 called N=1, H=7, W=7, CI=232, FH=1, FW=1, CO=232, S=1
Time in sec for current conv = 0.721
Relu #57 on 11368 points, truncate=1 by 12 bits
Time in sec for current relu = 0.093
Conv2DCSF 50 called N=1, H=7, W=7, CI=232, FH=1, FW=1, CO=232, S=1
Time in sec for current conv = 0.711
Relu #59 on 11368 points, truncate=1 by 12 bits
Time in sec for current relu = 0.098
Conv2DCSF 51 called N=1, H=9, W=9, CI=232, FH=3, FW=3, CO=232, S=1
Time in sec for current conv = 4.995
Truncate #25 on 11368 points by 12 bits
Conv2DCSF 52 called N=1, H=7, W=7, CI=232, FH=1, FW=1, CO=232, S=1
Time in sec for current conv = 0.728
Relu #61 on 11368 points, truncate=1 by 12 bits
Time in sec for current relu = 0.099
Conv2DCSF 53 called N=1, H=7, W=7, CI=232, FH=1, FW=1, CO=232, S=1
Time in sec for current conv = 0.721
Relu #63 on 11368 points, truncate=1 by 12 bits
Time in sec for current relu = 0.1
Conv2DCSF 54 called N=1, H=9, W=9, CI=232, FH=3, FW=3, CO=232, S=1
Time in sec for current conv = 5.005
Truncate #26 on 11368 points by 12 bits
Conv2DCSF 55 called N=1, H=7, W=7, CI=232, FH=1, FW=1, CO=232, S=1
Time in sec for current conv = 0.716
Relu #65 on 11368 points, truncate=1 by 12 bits
Time in sec for current relu = 0.1
Conv2DCSF 56 called N=1, H=7, W=7, CI=464, FH=1, FW=1, CO=1024, S=1
Time in sec for current conv = 3.857
Relu #67 on 50176 points, truncate=1 by 12 bits
Time in sec for current relu = 0.369
AvgPool 1 called N=1, H=1, W=1, C=1024, ksizeH=7, ksizeW=7
Time in sec for current avgpool = 0.022
Matmul called s1,s2,s3 = 1 1024 3
Time in sec for current matmul = 0.028
Truncate #27 on 3 points by 12 bits
Elapsed wall time: 138.8 seconds
Elapsed CPU time: 85.78 seconds
CPU usage: 15.4503 %
Test end computation
Elapsed time: 138.857 seconds
Estimated energy used: 42907.5 joules
Thread i = 0, total data sent till now = 1671637048
Thread i = 1, total data sent till now = 139237985
Thread i = 2, total data sent till now = 931989346
Thread i = 3, total data sent till now = 139341673
------------------------------------------------------
------------------------------------------------------
------------------------------------------------------
Total time taken = 127216 milliseconds.
Total data sent = 2517.61 MiB.
Number of rounds = 2418
Total comm (sent+received) = (see SERVER OUTPUT)
------------------------------------------------------
Total time in Conv = 95.893 seconds.
Total time in MatMul = 0.028 seconds.
Total time in BatchNorm = 0.247 seconds.
Total time in Truncation = 14.645 seconds.
Total time in Relu = 11.548 seconds.
Total time in MaxPool = 4.661 seconds.
Total time in AvgPool = 0.022 seconds.
Total time in ArgMax = 0 seconds.
Total time in MatAdd = 0 seconds.
Total time in MatAddBroadCast = 0 seconds.
Total time in MulCir = 0 seconds.
Total time in ScalarMul = 0 seconds.
Total time in Sigmoid = 0 seconds.
Total time in Tanh = 0 seconds.
Total time in Sqrt = 0 seconds.
Total time in NormaliseL2 = 0 seconds.
------------------------------------------------------
Conv data sent = 467.675 MiB.
MatMul data sent = 0.375128 MiB.
BatchNorm data sent = 7.12743 MiB.
Truncation data sent = 983.908 MiB.
Relu data sent = 737.486 MiB.
Maxpool data sent = 319.908 MiB.
Avgpool data sent = 1.12732 MiB.
ArgMax data sent = 0 MiB.
MatAdd data sent = 0 MiB.
MatAddBroadCast data sent = 0 MiB.
MulCir data sent = 0 MiB.
Sigmoid data sent = 0 MiB.
Tanh data sent = 0 MiB.
Sqrt data sent = 0 MiB.
NormaliseL2 data sent = 0 MiB.
------------------------------------------------------
7350402
12178016
7802144
