Linux 6.5.0-1024-gcp (instance-20240521-134752) 	08/18/24 	_x86_64_	(4 CPU)

# Time        UID       PID    %usr %system  %guest   %wait    %CPU   CPU  minflt/s  majflt/s     VSZ     RSS   %MEM  Command
19:32:36     1001     17097    0.00    0.00    0.00    0.00    0.00     1    221.00      0.00    7896    3584   0.01  bash
19:32:36     1001     17098    0.00    0.00    0.00    0.00    0.00     0    180.00      0.00    7896    3584   0.01  bash

# Time        UID       PID    %usr %system  %guest   %wait    %CPU   CPU  minflt/s  majflt/s     VSZ     RSS   %MEM  Command
19:32:37     1001     17097    0.00    0.00    0.00    0.00    0.00     1      0.00      0.00    7896    3584   0.01  bash
19:32:37     1001     17098    0.00    0.00    0.00    0.00    0.00     0      0.00      0.00    7896    3584   0.01  bash

# Time        UID       PID    %usr %system  %guest   %wait    %CPU   CPU  minflt/s  majflt/s     VSZ     RSS   %MEM  Command
19:32:38     1001     17097    0.00    0.00    0.00    0.00    0.00     1      0.00      0.00    7896    3584   0.01  bash
19:32:38     1001     17098    0.00    0.00    0.00    0.00    0.00     0      0.00      0.00    7896    3584   0.01  bash

# Time        UID       PID    %usr %system  %guest   %wait    %CPU   CPU  minflt/s  majflt/s     VSZ     RSS   %MEM  Command
19:32:39     1001     17097    0.00    0.00    0.00    0.00    0.00     1      0.00      0.00    7896    3584   0.01  bash
19:32:39     1001     17098    0.00    0.00    0.00    0.00    0.00     0      0.00      0.00    7896    3584   0.01  bash

# Time        UID       PID    %usr %system  %guest   %wait    %CPU   CPU  minflt/s  majflt/s     VSZ     RSS   %MEM  Command
19:32:40     1001     17097    0.00    0.00    0.00    0.00    0.00     1      0.00      0.00    7896    3584   0.01  bash
19:32:40     1001     17098    0.00    0.00    0.00    0.00    0.00     0      0.00      0.00    7896    3584   0.01  bash

# Time        UID       PID    %usr %system  %guest   %wait    %CPU   CPU  minflt/s  majflt/s     VSZ     RSS   %MEM  Command
19:32:41     1001     17097    0.00    0.00    0.00    0.00    0.00     1      0.00      0.00    7896    3584   0.01  bash
19:32:41     1001     17098    0.00    0.00    0.00    0.00    0.00     0      0.00      0.00    7896    3584   0.01  bash

# Time        UID       PID    %usr %system  %guest   %wait    %CPU   CPU  minflt/s  majflt/s     VSZ     RSS   %MEM  Command
19:32:42     1001     17097    0.00    0.00    0.00    0.00    0.00     1      0.00      0.00    7896    3584   0.01  bash
19:32:42     1001     17098    0.00    0.00    0.00    0.00    0.00     0      0.00      0.00    7896    3584   0.01  bash

# Time        UID       PID    %usr %system  %guest   %wait    %CPU   CPU  minflt/s  majflt/s     VSZ     RSS   %MEM  Command
19:32:43     1001     17097    0.00    0.00    0.00    0.00    0.00     1      0.00      0.00    7896    3584   0.01  bash
19:32:43     1001     17098    0.00    0.00    0.00    0.00    0.00     0      0.00      0.00    7896    3584   0.01  bash

# Time        UID       PID    %usr %system  %guest   %wait    %CPU   CPU  minflt/s  majflt/s     VSZ     RSS   %MEM  Command
19:32:44     1001     17097    0.00    0.00    0.00    0.00    0.00     1      0.00      0.00    7896    3584   0.01  bash
19:32:44     1001     17098    0.00    0.00    0.00    0.00    0.00     0      0.00      0.00    7896    3584   0.01  bash

# Time        UID       PID    %usr %system  %guest   %wait    %CPU   CPU  minflt/s  majflt/s     VSZ     RSS   %MEM  Command
19:32:45     1001     17097    0.00    0.00    0.00    0.00    0.00     1      0.00      0.00    7896    3584   0.01  bash
19:32:45     1001     17098    0.00    0.00    0.00    0.00    0.00     0      0.00      0.00    7896    3584   0.01  bash

# Time        UID       PID    %usr %system  %guest   %wait    %CPU   CPU  minflt/s  majflt/s     VSZ     RSS   %MEM  Command
