Running for 470.0 seconds (47 samples at 10.0 second intervals).
Power measurements will start in 1 seconds time.

Waiting 1 seconds before starting (gathering samples).                                                                                  Time    User  Nice   Sys  Idle    IO  Run Ctxt/s  IRQ/s Fork Exec Exit  Watts
18:59:26  52.2   0.0   5.5  42.2   0.1    1   3735   2432  526    3  532   0.00E
18:59:36   0.0   0.0   0.0 100.0   0.0    1     85     60    0    0    6   0.00E
18:59:46   0.0   0.0   0.0 100.0   0.0    1     79     49    0    0    0   0.00E
-------- ----- ----- ----- ----- ----- ---- ------ ------ ---- ---- ---- ------ 
 Average  17.4   0.0   1.9  80.7   0.0  1.0 1299.6  846.7 175.3  1.0 179.3  -N/A- 
 GeoMean   0.0   0.0   0.2  75.0   0.0  1.0  292.9  192.1  0.0  0.0  0.0   0.00 
  StdDev  24.6   0.0   2.6  27.2   0.0  0.0 1721.8 1120.6 248.0  1.4 249.4  -N/A- 
-------- ----- ----- ----- ----- ----- ---- ------ ------ ---- ---- ---- ------ 
 Minimum   0.0   0.0   0.0  42.2   0.0  1.0   79.0   48.7  0.0  0.0  0.0  -N/A- 
 Maximum  52.2   0.0   5.5 100.0   0.1  1.0 3734.6 2431.5 526.0  3.0 532.0  -N/A- 
-------- ----- ----- ----- ----- ----- ---- ------ ------ ---- ---- ---- ------ 
Summary:
System:   0.00 Watts on average with standard deviation 0.00  

C-State    Resident      Count Latency 
C1          81.636%      18518       0
POLL         0.000%          1       0
C0          18.363%
