Linux 6.5.0-1024-gcp (instance-20240521-134752) 	08/18/24 	_x86_64_	(4 CPU)

19:09:05     CPU    %usr   %nice    %sys %iowait    %irq   %soft  %steal  %guest  %gnice   %idle
19:09:06     all    0.00    0.00    0.00    0.00    0.00    0.00    0.00    0.00    0.00  100.00
19:09:06       0    0.00    0.00    0.00    0.00    0.00    0.00    0.00    0.00    0.00  100.00
19:09:06       1    0.00    0.00    0.00    0.00    0.00    0.00    0.00    0.00    0.00  100.00
19:09:06       2    0.00    0.00    0.00    0.00    0.00    0.00    0.00    0.00    0.00  100.00
19:09:06       3    0.00    0.00    0.00    0.00    0.00    0.00    0.00    0.00    0.00  100.00

19:09:06     CPU    %usr   %nice    %sys %iowait    %irq   %soft  %steal  %guest  %gnice   %idle
19:09:07     all    0.00    0.00    0.00    0.00    0.00    0.00    0.00    0.00    0.00  100.00
19:09:07       0    0.00    0.00    0.00    0.00    0.00    0.00    0.00    0.00    0.00  100.00
19:09:07       1    0.00    0.00    0.00    0.00    0.00    0.00    0.00    0.00    0.00  100.00
19:09:07       2    0.00    0.00    0.00    0.00    0.00    0.00    0.00    0.00    0.00  100.00
19:09:07       3    0.00    0.00    0.00    0.00    0.00    0.00    0.00    0.00    0.00  100.00

19:09:07     CPU    %usr   %nice    %sys %iowait    %irq   %soft  %steal  %guest  %gnice   %idle
19:09:08     all    0.00    0.00    0.00    0.00    0.00    0.00    0.00    0.00    0.00  100.00
19:09:08       0    0.00    0.00    0.00    0.00    0.00    0.00    0.00    0.00    0.00  100.00
19:09:08       1    0.00    0.00    0.00    0.00    0.00    0.00    0.00    0.00    0.00  100.00
19:09:08       2    0.00    0.00    0.00    0.00    0.00    0.00    0.00    0.00    0.00  100.00
19:09:08       3    0.00    0.00    0.00    0.00    0.00    0.00    0.00    0.00    0.00  100.00

19:09:08     CPU    %usr   %nice    %sys %iowait    %irq   %soft  %steal  %guest  %gnice   %idle
19:09:09     all    0.00    0.00    0.00    0.00    0.00    0.00    0.00    0.00    0.00  100.00
19:09:09       0    0.00    0.00    0.00    0.00    0.00    0.00    0.00    0.00    0.00  100.00
19:09:09       1    0.00    0.00    0.00    0.00    0.00    0.00    0.00    0.00    0.00  100.00
19:09:09       2    0.00    0.00    0.00    0.00    0.00    0.00    0.00    0.00    0.00  100.00
19:09:09       3    0.00    0.00    0.00    0.00    0.00    0.00    0.00    0.00    0.00  100.00

19:09:09     CPU    %usr   %nice    %sys %iowait    %irq   %soft  %steal  %guest  %gnice   %idle
19:09:10     all    0.00    0.00    0.00    0.00    0.00    0.00    0.00    0.00    0.00  100.00
19:09:10       0    0.00    0.00    0.00    0.00    0.00    0.00    0.00    0.00    0.00  100.00
19:09:10       1    0.00    0.00    0.00    0.00    0.00    0.00    0.00    0.00    0.00  100.00
19:09:10       2    0.00    0.00    0.00    0.00    0.00    0.00    0.00    0.00    0.00  100.00
19:09:10       3    0.00    0.00    0.00    0.00    0.00    0.00    0.00    0.00    0.00  100.00

19:09:10     CPU    %usr   %nice    %sys %iowait    %irq   %soft  %steal  %guest  %gnice   %idle
19:09:11     all    0.25    0.00    0.00    0.00    0.00    0.00    0.00    0.00    0.00   99.75
19:09:11       0    0.99    0.00    0.00    0.00    0.00    0.00    0.00    0.00    0.00   99.01
19:09:11       1    0.00    0.00    0.00    0.00    0.00    0.00    0.00    0.00    0.00  100.00
19:09:11       2    0.00    0.00    0.00    0.00    0.00    0.00    0.00    0.00    0.00  100.00
19:09:11       3    0.00    0.00    0.00    0.00    0.00    0.00    0.00    0.00    0.00  100.00

19:09:11     CPU    %usr   %nice    %sys %iowait    %irq   %soft  %steal  %guest  %gnice   %idle
19:09:12     all    0.00    0.00    0.00    0.00    0.00    0.00    0.00    0.00    0.00  100.00
19:09:12       0    0.00    0.00    0.00    0.00    0.00    0.00    0.00    0.00    0.00  100.00
19:09:12       1    0.00    0.00    0.00    0.00    0.00    0.00    0.00    0.00    0.00  100.00
19:09:12       2    0.00    0.00    0.00    0.00    0.00    0.00    0.00    0.00    0.00  100.00
19:09:12       3    0.00    0.00    0.00    0.00    0.00    0.00    0.00    0.00    0.00  100.00

19:09:12     CPU    %usr   %nice    %sys %iowait    %irq   %soft  %steal  %guest  %gnice   %idle
19:09:13     all    0.25    0.00    0.00    0.00    0.00    0.00    0.00    0.00    0.00   99.75
19:09:13       0    0.00    0.00    0.00    0.00    0.00    0.00    0.00    0.00    0.00  100.00
19:09:13       1    0.00    0.00    0.00    0.00    0.00    0.00    0.00    0.00    0.00  100.00
19:09:13       2    0.00    0.00    0.00    0.00    0.00    0.00    0.00    0.00    0.00  100.00
19:09:13       3    0.99    0.00    0.00    0.00    0.00    0.00    0.00    0.00    0.00   99.01

19:09:13     CPU    %usr   %nice    %sys %iowait    %irq   %soft  %steal  %guest  %gnice   %idle
19:09:14     all    0.00    0.00    0.25    0.00    0.00    0.00    0.00    0.00    0.00   99.75
19:09:14       0    0.00    0.00    0.00    0.00    0.00    0.00    0.00    0.00    0.00  100.00
19:09:14       1    0.00    0.00    0.00    0.00    0.00    0.00    0.00    0.00    0.00  100.00
19:09:14       2    0.00    0.00    0.00    0.00    0.00    0.00    0.00    0.00    0.00  100.00
19:09:14       3    0.00    0.00    0.99    0.00    0.00    0.00    0.00    0.00    0.00   99.01

19:09:14     CPU    %usr   %nice    %sys %iowait    %irq   %soft  %steal  %guest  %gnice   %idle
19:09:15     all    0.00    0.00    0.00    0.00    0.00    0.00    0.00    0.00    0.00  100.00
19:09:15       0    0.00    0.00    0.00    0.00    0.00    0.00    0.00    0.00    0.00  100.00
19:09:15       1    0.00    0.00    0.00    0.00    0.00    0.00    0.00    0.00    0.00  100.00
19:09:15       2    0.00    0.00    0.00    0.00    0.00    0.00    0.00    0.00    0.00  100.00
19:09:15       3    0.00    0.00    0.00    0.00    0.00    0.00    0.00    0.00    0.00  100.00

19:09:15     CPU    %usr   %nice    %sys %iowait    %irq   %soft  %steal  %guest  %gnice   %idle
19:09:16     all    0.00    0.00    0.00    0.00    0.00    0.00    0.00    0.00    0.00  100.00
19:09:16       0    0.00    0.00    0.00    0.00    0.00    0.00    0.00    0.00    0.00  100.00
19:09:16       1    0.00    0.00    0.00    0.00    0.00    0.00    0.00    0.00    0.00  100.00
19:09:16       2    0.00    0.00    0.00    0.00    0.00    0.00    0.00    0.00    0.00  100.00
19:09:16       3    0.00    0.00    0.00    0.00    0.00    0.00    0.00    0.00    0.00  100.00

19:09:16     CPU    %usr   %nice    %sys %iowait    %irq   %soft  %steal  %guest  %gnice   %idle
19:09:17     all    0.00    0.00    0.00    0.00    0.00    0.00    0.00    0.00    0.00  100.00
19:09:17       0    0.00    0.00    0.00    0.00    0.00    0.00    0.00    0.00    0.00  100.00
19:09:17       1    0.00    0.00    0.00    0.00    0.00    0.00    0.00    0.00    0.00  100.00
19:09:17       2    0.00    0.00    0.00    0.00    0.00    0.00    0.00    0.00    0.00  100.00
19:09:17       3    0.00    0.00    0.00    0.00    0.00    0.00    0.00    0.00    0.00  100.00

19:09:17     CPU    %usr   %nice    %sys %iowait    %irq   %soft  %steal  %guest  %gnice   %idle
19:09:18     all    0.00    0.00    0.25    0.00    0.00    0.00    0.00    0.00    0.00   99.75
19:09:18       0    0.00    0.00    0.00    0.00    0.00    0.00    0.00    0.00    0.00  100.00
19:09:18       1    0.00    0.00    0.00    0.00    0.00    0.00    0.00    0.00    0.00  100.00
19:09:18       2    0.00    0.00    0.99    0.00    0.00    0.00    0.00    0.00    0.00   99.01
19:09:18       3    0.00    0.00    0.00    0.00    0.00    0.00    0.00    0.00    0.00  100.00

19:09:18     CPU    %usr   %nice    %sys %iowait    %irq   %soft  %steal  %guest  %gnice   %idle
19:09:19     all    0.00    0.00    0.00    0.00    0.00    0.00    0.00    0.00    0.00  100.00
19:09:19       0    0.00    0.00    0.00    0.00    0.00    0.00    0.00    0.00    0.00  100.00
19:09:19       1    0.00    0.00    0.00    0.00    0.00    0.00    0.00    0.00    0.00  100.00
19:09:19       2    0.00    0.00    0.00    0.00    0.00    0.00    0.00    0.00    0.00  100.00
19:09:19       3    0.00    0.00    0.00    0.00    0.00    0.00    0.00    0.00    0.00  100.00

19:09:19     CPU    %usr   %nice    %sys %iowait    %irq   %soft  %steal  %guest  %gnice   %idle
19:09:20     all    0.00    0.00    0.00    0.00    0.00    0.00    0.00    0.00    0.00  100.00
19:09:20       0    0.00    0.00    0.00    0.00    0.00    0.00    0.00    0.00    0.00  100.00
19:09:20       1    0.00    0.00    0.00    0.00    0.00    0.00    0.00    0.00    0.00  100.00
19:09:20       2    0.00    0.00    0.00    0.00    0.00    0.00    0.00    0.00    0.00  100.00
19:09:20       3    0.00    0.00    0.00    0.00    0.00    0.00    0.00    0.00    0.00  100.00

19:09:20     CPU    %usr   %nice    %sys %iowait    %irq   %soft  %steal  %guest  %gnice   %idle
19:09:21     all    0.00    0.00    0.00    3.51    0.00    0.25    0.00    0.00    0.00   96.24
19:09:21       0    0.00    0.00    0.00    2.02    0.00    0.00    0.00    0.00    0.00   97.98
19:09:21       1    0.00    0.00    0.00    9.09    0.00    0.00    0.00    0.00    0.00   90.91
19:09:21       2    0.00    0.00    0.00    0.00    0.00    0.00    0.00    0.00    0.00  100.00
19:09:21       3    0.00    0.00    0.00    2.94    0.00    0.98    0.00    0.00    0.00   96.08

19:09:21     CPU    %usr   %nice    %sys %iowait    %irq   %soft  %steal  %guest  %gnice   %idle
19:09:22     all    0.00    0.00    0.00    0.00    0.00    0.00    0.00    0.00    0.00  100.00
19:09:22       0    0.00    0.00    0.00    0.00    0.00    0.00    0.00    0.00    0.00  100.00
19:09:22       1    0.00    0.00    0.00    0.00    0.00    0.00    0.00    0.00    0.00  100.00
19:09:22       2    0.00    0.00    0.00    0.00    0.00    0.00    0.00    0.00    0.00  100.00
19:09:22       3    0.00    0.00    0.00    0.00    0.00    0.00    0.00    0.00    0.00  100.00

19:09:22     CPU    %usr   %nice    %sys %iowait    %irq   %soft  %steal  %guest  %gnice   %idle
19:09:23     all    0.00    0.00    0.00    0.00    0.00    0.00    0.00    0.00    0.00  100.00
19:09:23       0    0.00    0.00    0.00    0.00    0.00    0.00    0.00    0.00    0.00  100.00
19:09:23       1    0.00    0.00    0.00    0.00    0.00    0.00    0.00    0.00    0.00  100.00
19:09:23       2    0.00    0.00    0.00    0.00    0.00    0.00    0.00    0.00    0.00  100.00
19:09:23       3    0.00    0.00    0.00    0.00    0.00    0.00    0.00    0.00    0.00  100.00

19:09:23     CPU    %usr   %nice    %sys %iowait    %irq   %soft  %steal  %guest  %gnice   %idle
19:09:24     all    0.00    0.00    0.00    0.00    0.00    0.00    0.00    0.00    0.00  100.00
19:09:24       0    0.00    0.00    0.00    0.00    0.00    0.00    0.00    0.00    0.00  100.00
19:09:24       1    0.00    0.00    0.00    0.00    0.00    0.00    0.00    0.00    0.00  100.00
19:09:24       2    0.00    0.00    0.00    0.00    0.00    0.00    0.00    0.00    0.00  100.00
19:09:24       3    0.00    0.00    0.00    0.00    0.00    0.00    0.00    0.00    0.00  100.00

19:09:24     CPU    %usr   %nice    %sys %iowait    %irq   %soft  %steal  %guest  %gnice   %idle
19:09:25     all    0.00    0.00    0.00    0.00    0.00    0.00    0.00    0.00    0.00  100.00
19:09:25       0    0.00    0.00    0.00    0.00    0.00    0.00    0.00    0.00    0.00  100.00
19:09:25       1    0.00    0.00    0.00    0.00    0.00    0.00    0.00    0.00    0.00  100.00
19:09:25       2    0.00    0.00    0.00    0.00    0.00    0.00    0.00    0.00    0.00  100.00
19:09:25       3    0.00    0.00    0.00    0.00    0.00    0.00    0.00    0.00    0.00  100.00

19:09:25     CPU    %usr   %nice    %sys %iowait    %irq   %soft  %steal  %guest  %gnice   %idle
19:09:26     all    0.00    0.00    0.00    2.49    0.00    0.00    0.00    0.00    0.00   97.51
19:09:26       0    0.00    0.00    0.00    0.00    0.00    0.00    0.00    0.00    0.00  100.00
19:09:26       1    0.00    0.00    0.00    0.00    0.00    0.00    0.00    0.00    0.00  100.00
19:09:26       2    0.00    0.00    0.00    0.99    0.00    0.00    0.00    0.00    0.00   99.01
19:09:26       3    0.00    0.00    0.00    9.00    0.00    0.00    0.00    0.00    0.00   91.00

19:09:26     CPU    %usr   %nice    %sys %iowait    %irq   %soft  %steal  %guest  %gnice   %idle
19:09:27     all    0.00    0.00    0.00    0.00    0.00    0.25    0.00    0.00    0.00   99.75
19:09:27       0    0.00    0.00    0.00    0.00    0.00    0.00    0.00    0.00    0.00  100.00
19:09:27       1    0.00    0.00    0.00    0.00    0.00    0.99    0.00    0.00    0.00   99.01
19:09:27       2    0.00    0.00    0.00    0.00    0.00    0.00    0.00    0.00    0.00  100.00
19:09:27       3    0.00    0.00    0.00    0.00    0.00    0.00    0.00    0.00    0.00  100.00

19:09:27     CPU    %usr   %nice    %sys %iowait    %irq   %soft  %steal  %guest  %gnice   %idle
19:09:28     all    0.00    0.00    0.00    0.00    0.00    0.00    0.00    0.00    0.00  100.00
19:09:28       0    0.00    0.00    0.00    0.00    0.00    0.00    0.00    0.00    0.00  100.00
19:09:28       1    0.00    0.00    0.00    0.00    0.00    0.00    0.00    0.00    0.00  100.00
19:09:28       2    0.00    0.00    0.00    0.00    0.00    0.00    0.00    0.00    0.00  100.00
19:09:28       3    0.00    0.00    0.00    0.00    0.00    0.00    0.00    0.00    0.00  100.00

19:09:28     CPU    %usr   %nice    %sys %iowait    %irq   %soft  %steal  %guest  %gnice   %idle
19:09:29     all    4.99    0.00    0.50    0.00    0.00    0.00    0.00    0.00    0.00   94.51
19:09:29       0    0.00    0.00    0.00    0.00    0.00    0.00    0.00    0.00    0.00  100.00
19:09:29       1   19.80    0.00    1.98    0.00    0.00    0.00    0.00    0.00    0.00   78.22
19:09:29       2    0.00    0.00    0.00    0.00    0.00    0.00    0.00    0.00    0.00  100.00
19:09:29       3    0.00    0.00    0.00    0.00    0.00    0.00    0.00    0.00    0.00  100.00

19:09:29     CPU    %usr   %nice    %sys %iowait    %irq   %soft  %steal  %guest  %gnice   %idle
19:09:30     all    1.75    0.00    0.25    0.00    0.00    0.00    0.00    0.00    0.00   98.00
19:09:30       0    0.00    0.00    0.00    0.00    0.00    0.00    0.00    0.00    0.00  100.00
19:09:30       1    7.07    0.00    0.00    0.00    0.00    0.00    0.00    0.00    0.00   92.93
19:09:30       2    0.00    0.00    0.00    0.00    0.00    0.00    0.00    0.00    0.00  100.00
19:09:30       3    0.00    0.00    0.99    0.00    0.00    0.00    0.00    0.00    0.00   99.01

19:09:30     CPU    %usr   %nice    %sys %iowait    %irq   %soft  %steal  %guest  %gnice   %idle
19:09:31     all    0.00    0.00    0.00    0.00    0.00    0.00    0.00    0.00    0.00  100.00
19:09:31       0    0.00    0.00    0.00    0.00    0.00    0.00    0.00    0.00    0.00  100.00
19:09:31       1    0.00    0.00    0.00    0.00    0.00    0.00    0.00    0.00    0.00  100.00
19:09:31       2    0.00    0.00    0.00    0.00    0.00    0.00    0.00    0.00    0.00  100.00
19:09:31       3    0.00    0.00    0.00    0.00    0.00    0.00    0.00    0.00    0.00  100.00

19:09:31     CPU    %usr   %nice    %sys %iowait    %irq   %soft  %steal  %guest  %gnice   %idle
19:09:32     all    0.00    0.00    0.00    0.00    0.00    0.00    0.00    0.00    0.00  100.00
19:09:32       0    0.00    0.00    0.00    0.00    0.00    0.00    0.00    0.00    0.00  100.00
19:09:32       1    0.00    0.00    0.00    0.00    0.00    0.00    0.00    0.00    0.00  100.00
19:09:32       2    0.00    0.00    0.00    0.00    0.00    0.00    0.00    0.00    0.00  100.00
19:09:32       3    0.00    0.00    0.00    0.00    0.00    0.00    0.00    0.00    0.00  100.00

19:09:32     CPU    %usr   %nice    %sys %iowait    %irq   %soft  %steal  %guest  %gnice   %idle
19:09:33     all   36.05    0.00    4.20    0.00    0.00    2.47    0.00    0.00    0.00   57.28
19:09:33       0   36.54    0.00    4.81    0.00    0.00    3.85    0.00    0.00    0.00   54.81
19:09:33       1   79.59    0.00    7.14    0.00    0.00    2.04    0.00    0.00    0.00   11.22
19:09:33       2   29.13    0.00    4.85    0.00    0.00    3.88    0.00    0.00    0.00   62.14
19:09:33       3    0.00    0.00    0.00    0.00    0.00    0.00    0.00    0.00    0.00  100.00

19:09:33     CPU    %usr   %nice    %sys %iowait    %irq   %soft  %steal  %guest  %gnice   %idle
19:09:34     all   30.75    0.00   52.00    0.00    0.00    1.00    0.00    0.00    0.00   16.25
19:09:34       0   38.61    0.00   50.50    0.00    0.00    0.99    0.00    0.00    0.00    9.90
19:09:34       1   36.08    0.00   58.76    0.00    0.00    0.00    0.00    0.00    0.00    5.15
19:09:34       2   26.47    0.00   50.98    0.00    0.00    2.94    0.00    0.00    0.00   19.61
19:09:34       3   22.00    0.00   48.00    0.00    0.00    0.00    0.00    0.00    0.00   30.00

19:09:34     CPU    %usr   %nice    %sys %iowait    %irq   %soft  %steal  %guest  %gnice   %idle
19:09:35     all   75.44    0.00   23.31    0.00    0.00    1.25    0.00    0.00    0.00    0.00
19:09:35       0   72.00    0.00   28.00    0.00    0.00    0.00    0.00    0.00    0.00    0.00
19:09:35       1   80.00    0.00   18.00    0.00    0.00    2.00    0.00    0.00    0.00    0.00
19:09:35       2   75.00    0.00   23.00    0.00    0.00    2.00    0.00    0.00    0.00    0.00
19:09:35       3   74.75    0.00   24.24    0.00    0.00    1.01    0.00    0.00    0.00    0.00

19:09:35     CPU    %usr   %nice    %sys %iowait    %irq   %soft  %steal  %guest  %gnice   %idle
19:09:36     all   93.77    0.00    5.24    0.00    0.00    1.00    0.00    0.00    0.00    0.00
19:09:36       0   90.91    0.00    8.08    0.00    0.00    1.01    0.00    0.00    0.00    0.00
19:09:36       1   97.00    0.00    3.00    0.00    0.00    0.00    0.00    0.00    0.00    0.00
19:09:36       2   93.00    0.00    6.00    0.00    0.00    1.00    0.00    0.00    0.00    0.00
19:09:36       3   94.12    0.00    3.92    0.00    0.00    1.96    0.00    0.00    0.00    0.00

19:09:36     CPU    %usr   %nice    %sys %iowait    %irq   %soft  %steal  %guest  %gnice   %idle
19:09:37     all   87.25    0.00   10.75    0.00    0.00    2.00    0.00    0.00    0.00    0.00
19:09:37       0   85.15    0.00   12.87    0.00    0.00    1.98    0.00    0.00    0.00    0.00
19:09:37       1   88.00    0.00    9.00    0.00    0.00    3.00    0.00    0.00    0.00    0.00
19:09:37       2   88.00    0.00   11.00    0.00    0.00    1.00    0.00    0.00    0.00    0.00
19:09:37       3   87.88    0.00   10.10    0.00    0.00    2.02    0.00    0.00    0.00    0.00

19:09:37     CPU    %usr   %nice    %sys %iowait    %irq   %soft  %steal  %guest  %gnice   %idle
19:09:38     all   94.49    0.00    4.26    0.00    0.00    1.25    0.00    0.00    0.00    0.00
19:09:38       0   94.95    0.00    5.05    0.00    0.00    0.00    0.00    0.00    0.00    0.00
19:09:38       1   97.00    0.00    2.00    0.00    0.00    1.00    0.00    0.00    0.00    0.00
19:09:38       2   93.00    0.00    5.00    0.00    0.00    2.00    0.00    0.00    0.00    0.00
19:09:38       3   93.00    0.00    5.00    0.00    0.00    2.00    0.00    0.00    0.00    0.00

19:09:38     CPU    %usr   %nice    %sys %iowait    %irq   %soft  %steal  %guest  %gnice   %idle
19:09:39     all   89.53    0.00    8.23    0.00    0.00    2.24    0.00    0.00    0.00    0.00
19:09:39       0   90.10    0.00    8.91    0.00    0.00    0.99    0.00    0.00    0.00    0.00
19:09:39       1   89.00    0.00   10.00    0.00    0.00    1.00    0.00    0.00    0.00    0.00
19:09:39       2   89.00    0.00    7.00    0.00    0.00    4.00    0.00    0.00    0.00    0.00
19:09:39       3   90.00    0.00    7.00    0.00    0.00    3.00    0.00    0.00    0.00    0.00

19:09:39     CPU    %usr   %nice    %sys %iowait    %irq   %soft  %steal  %guest  %gnice   %idle
19:09:40     all   90.50    0.00    6.50    0.00    0.00    3.00    0.00    0.00    0.00    0.00
19:09:40       0   89.00    0.00    9.00    0.00    0.00    2.00    0.00    0.00    0.00    0.00
19:09:40       1   87.00    0.00    8.00    0.00    0.00    5.00    0.00    0.00    0.00    0.00
19:09:40       2   93.07    0.00    4.95    0.00    0.00    1.98    0.00    0.00    0.00    0.00
19:09:40       3   92.93    0.00    4.04    0.00    0.00    3.03    0.00    0.00    0.00    0.00

19:09:40     CPU    %usr   %nice    %sys %iowait    %irq   %soft  %steal  %guest  %gnice   %idle
19:09:41     all   91.75    0.00    5.25    0.00    0.00    3.00    0.00    0.00    0.00    0.00
19:09:41       0   88.00    0.00    8.00    0.00    0.00    4.00    0.00    0.00    0.00    0.00
19:09:41       1   95.00    0.00    3.00    0.00    0.00    2.00    0.00    0.00    0.00    0.00
19:09:41       2   93.94    0.00    2.02    0.00    0.00    4.04    0.00    0.00    0.00    0.00
19:09:41       3   90.10    0.00    7.92    0.00    0.00    1.98    0.00    0.00    0.00    0.00

19:09:41     CPU    %usr   %nice    %sys %iowait    %irq   %soft  %steal  %guest  %gnice   %idle
19:09:42     all   91.94    0.00    6.05    0.00    0.00    2.02    0.00    0.00    0.00    0.00
19:09:42       0   94.95    0.00    4.04    0.00    0.00    1.01    0.00    0.00    0.00    0.00
19:09:42       1   87.88    0.00    9.09    0.00    0.00    3.03    0.00    0.00    0.00    0.00
19:09:42       2   95.00    0.00    3.00    0.00    0.00    2.00    0.00    0.00    0.00    0.00
19:09:42       3   89.90    0.00    8.08    0.00    0.00    2.02    0.00    0.00    0.00    0.00

19:09:42     CPU    %usr   %nice    %sys %iowait    %irq   %soft  %steal  %guest  %gnice   %idle
19:09:43     all   94.03    0.00    5.22    0.00    0.00    0.75    0.00    0.00    0.00    0.00
19:09:43       0   95.00    0.00    4.00    0.00    0.00    1.00    0.00    0.00    0.00    0.00
19:09:43       1   93.07    0.00    5.94    0.00    0.00    0.99    0.00    0.00    0.00    0.00
19:09:43       2   96.00    0.00    4.00    0.00    0.00    0.00    0.00    0.00    0.00    0.00
19:09:43       3   92.08    0.00    6.93    0.00    0.00    0.99    0.00    0.00    0.00    0.00

19:09:43     CPU    %usr   %nice    %sys %iowait    %irq   %soft  %steal  %guest  %gnice   %idle
19:09:44     all   91.98    0.00    5.51    0.00    0.00    2.51    0.00    0.00    0.00    0.00
19:09:44       0   90.00    0.00    9.00    0.00    0.00    1.00    0.00    0.00    0.00    0.00
19:09:44       1   93.94    0.00    3.03    0.00    0.00    3.03    0.00    0.00    0.00    0.00
19:09:44       2   93.00    0.00    5.00    0.00    0.00    2.00    0.00    0.00    0.00    0.00
19:09:44       3   91.00    0.00    5.00    0.00    0.00    4.00    0.00    0.00    0.00    0.00

19:09:44     CPU    %usr   %nice    %sys %iowait    %irq   %soft  %steal  %guest  %gnice   %idle
19:09:45     all   93.28    0.00    4.48    0.00    0.00    2.24    0.00    0.00    0.00    0.00
19:09:45       0   96.00    0.00    2.00    0.00    0.00    2.00    0.00    0.00    0.00    0.00
19:09:45       1   91.09    0.00    5.94    0.00    0.00    2.97    0.00    0.00    0.00    0.00
19:09:45       2   96.04    0.00    3.96    0.00    0.00    0.00    0.00    0.00    0.00    0.00
19:09:45       3   90.00    0.00    6.00    0.00    0.00    4.00    0.00    0.00    0.00    0.00

19:09:45     CPU    %usr   %nice    %sys %iowait    %irq   %soft  %steal  %guest  %gnice   %idle
19:09:46     all   94.24    0.00    4.51    0.00    0.00    1.25    0.00    0.00    0.00    0.00
19:09:46       0   93.00    0.00    5.00    0.00    0.00    2.00    0.00    0.00    0.00    0.00
19:09:46       1   93.00    0.00    5.00    0.00    0.00    2.00    0.00    0.00    0.00    0.00
19:09:46       2   96.97    0.00    3.03    0.00    0.00    0.00    0.00    0.00    0.00    0.00
19:09:46       3   94.00    0.00    5.00    0.00    0.00    1.00    0.00    0.00    0.00    0.00

Average:     CPU    %usr   %nice    %sys %iowait    %irq   %soft  %steal  %guest  %gnice   %idle
Average:     all   28.35    0.00    3.58    0.15    0.00    0.65    0.00    0.00    0.00   67.28
Average:       0   28.18    0.00    3.90    0.05    0.00    0.54    0.00    0.00    0.00   67.33
Average:       1   30.09    0.00    3.62    0.22    0.00    0.71    0.00    0.00    0.00   65.36
Average:       2   28.23    0.00    3.31    0.02    0.00    0.66    0.00    0.00    0.00   67.77
Average:       3   26.90    0.00    3.49    0.29    0.00    0.68    0.00    0.00    0.00   68.64
